#
# There is insufficient memory for the Java Runtime Environment to continue.
# Native memory allocation (malloc) failed to allocate 87031808 bytes for committing reserved memory.
# Possible reasons:
#   The system is out of physical RAM or swap space
#   In 32 bit mode, the process size limit was hit
# Possible solutions:
#   Reduce memory load on the system
#   Increase physical memory or swap space
#   Check if swap backing store is full
#   Use 64 bit Java on a 64 bit OS
#   Decrease Java heap size (-Xmx/-Xms)
#   Decrease number of Java threads
#   Decrease Java thread stack sizes (-Xss)
#   Set larger code cache with -XX:ReservedCodeCacheSize=
# This output file may be truncated or incomplete.
#
#  Out of Memory Error (os_linux.cpp:2827), pid=12045, tid=139842060007168
#
# JRE version: OpenJDK Runtime Environment (7.0_101) (build 1.7.0_101-b00)
# Java VM: OpenJDK 64-Bit Server VM (24.95-b01 mixed mode linux-amd64 compressed oops)
# Derivative: IcedTea 2.6.6
# Distribution: Ubuntu 14.04 LTS, package 7u101-2.6.6-0ubuntu0.14.04.1
# Failed to write core dump. Core dumps have been disabled. To enable core dumping, try "ulimit -c unlimited" before starting Java again
#

---------------  T H R E A D  ---------------

Current thread (0x00007f2f80075800):  VMThread [stack: 0x00007f2f843fb000,0x00007f2f844fc000] [id=12054]

Stack: [0x00007f2f843fb000,0x00007f2f844fc000],  sp=0x00007f2f844fa490,  free space=1021k
Native frames: (J=compiled Java code, j=interpreted, Vv=VM code, C=native code)
V  [libjvm.so+0x955705]
V  [libjvm.so+0x490c44]
V  [libjvm.so+0x7d0c9b]
V  [libjvm.so+0x7cb75f]
V  [libjvm.so+0x83ee5b]
V  [libjvm.so+0x83fcc0]
V  [libjvm.so+0x8403ab]
V  [libjvm.so+0x83c5e8]
V  [libjvm.so+0x83ce58]
V  [libjvm.so+0x7f34a3]
V  [libjvm.so+0x957104]
V  [libjvm.so+0x95b207]
V  [libjvm.so+0x959cc8]
V  [libjvm.so+0x95a129]
V  [libjvm.so+0x95a572]
V  [libjvm.so+0x7cdb62]

VM_Operation (0x00007f2f896beac0): ParallelGCFailedAllocation, mode: safepoint, requested by thread 0x00007f2f8000a800


---------------  P R O C E S S  ---------------

Java Threads: ( => current thread )
  0x00007f2f801ca800 JavaThread "pool-1-thread-4" [_thread_blocked, id=12066, stack(0x00007f2f74277000,0x00007f2f74378000)]
  0x00007f2f801c7800 JavaThread "pool-1-thread-3" [_thread_blocked, id=12065, stack(0x00007f2f74378000,0x00007f2f74479000)]
  0x00007f2f801c6000 JavaThread "pool-1-thread-2" [_thread_blocked, id=12064, stack(0x00007f2f74479000,0x00007f2f7457a000)]
  0x00007f2f801c2800 JavaThread "pool-2-thread-1" [_thread_blocked, id=12063, stack(0x00007f2f7457a000,0x00007f2f7467b000)]
  0x00007f2f801c1000 JavaThread "pool-1-thread-1" [_thread_blocked, id=12062, stack(0x00007f2f7467b000,0x00007f2f7477c000)]
  0x00007f2f800ae000 JavaThread "Service Thread" daemon [_thread_blocked, id=12060, stack(0x00007f2f7c61b000,0x00007f2f7c71c000)]
  0x00007f2f800ac000 JavaThread "C2 CompilerThread1" daemon [_thread_blocked, id=12059, stack(0x00007f2f7c71c000,0x00007f2f7c81d000)]
  0x00007f2f800a9000 JavaThread "C2 CompilerThread0" daemon [_thread_blocked, id=12058, stack(0x00007f2f7c81d000,0x00007f2f7c91e000)]
  0x00007f2f800a7000 JavaThread "Signal Dispatcher" daemon [_thread_blocked, id=12057, stack(0x00007f2f840f8000,0x00007f2f841f9000)]
  0x00007f2f8007c000 JavaThread "Finalizer" daemon [_thread_blocked, id=12056, stack(0x00007f2f841f9000,0x00007f2f842fa000)]
  0x00007f2f8007a000 JavaThread "Reference Handler" daemon [_thread_blocked, id=12055, stack(0x00007f2f842fa000,0x00007f2f843fb000)]
  0x00007f2f8000a800 JavaThread "main" [_thread_blocked, id=12049, stack(0x00007f2f895c0000,0x00007f2f896c1000)]

Other Threads:
=>0x00007f2f80075800 VMThread [stack: 0x00007f2f843fb000,0x00007f2f844fc000] [id=12054]
  0x00007f2f800b9000 WatcherThread [stack: 0x00007f2f7c51a000,0x00007f2f7c61b000] [id=12061]

VM state:at safepoint (normal execution)

VM Mutex/Monitor currently owned by a thread:  ([mutex/lock_event])
[0x00007f2f80006990] Threads_lock - owner thread: 0x00007f2f80075800
[0x00007f2f80006e90] Heap_lock - owner thread: 0x00007f2f8000a800

Heap
 PSYoungGen      total 66048K, used 2528K [0x00000000eaa80000, 0x00000000eed80000, 0x0000000100000000)
  eden space 63488K, 0% used [0x00000000eaa80000,0x00000000eaa80000,0x00000000ee880000)
  from space 2560K, 98% used [0x00000000ee880000,0x00000000eeaf80e0,0x00000000eeb00000)
  to   space 2560K, 0% used [0x00000000eeb00000,0x00000000eeb00000,0x00000000eed80000)
 ParOldGen       total 41984K, used 22632K [0x00000000c0000000, 0x00000000c2900000, 0x00000000eaa80000)
  object space 41984K, 53% used [0x00000000c0000000,0x00000000c161a170,0x00000000c2900000)
 PSPermGen       total 21504K, used 6282K [0x00000000b5a00000, 0x00000000b6f00000, 0x00000000c0000000)
  object space 21504K, 29% used [0x00000000b5a00000,0x00000000b6022818,0x00000000b6f00000)

Card table byte_map: [0x00007f2f85fa4000,0x00007f2f861f8000] byte_map_base: 0x00007f2f859f7000

Polling page: 0x00007f2f896e3000

Code Cache  [0x00007f2f7d000000, 0x00007f2f7d270000, 0x00007f2f80000000)
 total_blobs=485 nmethods=256 adapters=183 free_code_cache=48176Kb largest_free_block=49298752

Compilation events (10 events):
Event: 8.159 Thread 0x00007f2f800ac000 nmethod 255 0x00007f2f7d0cc0d0 code [0x00007f2f7d0cc220, 0x00007f2f7d0cc438]
Event: 8.195 Thread 0x00007f2f800ac000  256             java.util.ArrayList::access$200 (5 bytes)
Event: 8.196 Thread 0x00007f2f800ac000 nmethod 256 0x00007f2f7d0c9ed0 code [0x00007f2f7d0ca000, 0x00007f2f7d0ca058]
Event: 8.196 Thread 0x00007f2f800ac000  257             com.android.dx.ssa.SsaMethod::buildUseList (112 bytes)
Event: 8.260 Thread 0x00007f2f800ac000 nmethod 257 0x00007f2f7d0e6dd0 code [0x00007f2f7d0e6fe0, 0x00007f2f7d0e79e8]
Event: 8.260 Thread 0x00007f2f800ac000  258             com.android.dx.util.LabeledList::set (45 bytes)
Event: 8.289 Thread 0x00007f2f800ac000 nmethod 258 0x00007f2f7d0e4450 code [0x00007f2f7d0e45e0, 0x00007f2f7d0e4838]
Event: 8.289 Thread 0x00007f2f800ac000  259             java.util.ArrayList::ensureCapacity (28 bytes)
Event: 8.295 Thread 0x00007f2f800ac000 nmethod 259 0x00007f2f7d075f90 code [0x00007f2f7d0760e0, 0x00007f2f7d0761f8]
Event: 8.295 Thread 0x00007f2f800ac000  260   !         com.android.dx.cf.code.Ropper::processBlock (1101 bytes)

GC Heap History (9 events):
Event: 1.468 GC heap before
{Heap before GC invocations=1 (full 0):
 PSYoungGen      total 18432K, used 15872K [0x00000000eaa80000, 0x00000000ebf00000, 0x0000000100000000)
  eden space 15872K, 100% used [0x00000000eaa80000,0x00000000eba00000,0x00000000eba00000)
  from space 2560K, 0% used [0x00000000ebc80000,0x00000000ebc80000,0x00000000ebf00000)
  to   space 2560K, 0% used [0x00000000eba00000,0x00000000eba00000,0x00000000ebc80000)
 ParOldGen       total 41984K, used 0K [0x00000000c0000000, 0x00000000c2900000, 0x00000000eaa80000)
  object space 41984K, 0% used [0x00000000c0000000,0x00000000c0000000,0x00000000c2900000)
 PSPermGen       total 21504K, used 5841K [0x00000000b5a00000, 0x00000000b6f00000, 0x00000000c0000000)
  object space 21504K, 27% used [0x00000000b5a00000,0x00000000b5fb4660,0x00000000b6f00000)
Event: 1.490 GC heap after
Heap after GC invocations=1 (full 0):
 PSYoungGen      total 18432K, used 2529K [0x00000000eaa80000, 0x00000000ece80000, 0x0000000100000000)
  eden space 15872K, 0% used [0x00000000eaa80000,0x00000000eaa80000,0x00000000eba00000)
  from space 2560K, 98% used [0x00000000eba00000,0x00000000ebc78650,0x00000000ebc80000)
  to   space 2560K, 0% used [0x00000000ecc00000,0x00000000ecc00000,0x00000000ece80000)
 ParOldGen       total 41984K, used 971K [0x00000000c0000000, 0x00000000c2900000, 0x00000000eaa80000)
  object space 41984K, 2% used [0x00000000c0000000,0x00000000c00f2c80,0x00000000c2900000)
 PSPermGen       total 21504K, used 5841K [0x00000000b5a00000, 0x00000000b6f00000, 0x00000000c0000000)
  object space 21504K, 27% used [0x00000000b5a00000,0x00000000b5fb4660,0x00000000b6f00000)
}
Event: 2.468 GC heap before
{Heap before GC invocations=2 (full 0):
 PSYoungGen      total 18432K, used 18401K [0x00000000eaa80000, 0x00000000ece80000, 0x0000000100000000)
  eden space 15872K, 100% used [0x00000000eaa80000,0x00000000eba00000,0x00000000eba00000)
  from space 2560K, 98% used [0x00000000eba00000,0x00000000ebc78650,0x00000000ebc80000)
  to   space 2560K, 0% used [0x00000000ecc00000,0x00000000ecc00000,0x00000000ece80000)
 ParOldGen       total 41984K, used 971K [0x00000000c0000000, 0x00000000c2900000, 0x00000000eaa80000)
  object space 41984K, 2% used [0x00000000c0000000,0x00000000c00f2c80,0x00000000c2900000)
 PSPermGen       total 21504K, used 6108K [0x00000000b5a00000, 0x00000000b6f00000, 0x00000000c0000000)
  object space 21504K, 28% used [0x00000000b5a00000,0x00000000b5ff7088,0x00000000b6f00000)
Event: 2.495 GC heap after
Heap after GC invocations=2 (full 0):
 PSYoungGen      total 34304K, used 2535K [0x00000000eaa80000, 0x00000000ece80000, 0x0000000100000000)
  eden space 31744K, 0% used [0x00000000eaa80000,0x00000000eaa80000,0x00000000ec980000)
  from space 2560K, 99% used [0x00000000ecc00000,0x00000000ece79c88,0x00000000ece80000)
  to   space 2560K, 0% used [0x00000000ec980000,0x00000000ec980000,0x00000000ecc00000)
 ParOldGen       total 41984K, used 2387K [0x00000000c0000000, 0x00000000c2900000, 0x00000000eaa80000)
  object space 41984K, 5% used [0x00000000c0000000,0x00000000c0254e28,0x00000000c2900000)
 PSPermGen       total 21504K, used 6108K [0x00000000b5a00000, 0x00000000b6f00000, 0x00000000c0000000)
  object space 21504K, 28% used [0x00000000b5a00000,0x00000000b5ff7088,0x00000000b6f00000)
}
Event: 4.555 GC heap before
{Heap before GC invocations=3 (full 0):
 PSYoungGen      total 34304K, used 34279K [0x00000000eaa80000, 0x00000000ece80000, 0x0000000100000000)
  eden space 31744K, 100% used [0x00000000eaa80000,0x00000000ec980000,0x00000000ec980000)
  from space 2560K, 99% used [0x00000000ecc00000,0x00000000ece79c88,0x00000000ece80000)
  to   space 2560K, 0% used [0x00000000ec980000,0x00000000ec980000,0x00000000ecc00000)
 ParOldGen       total 41984K, used 2387K [0x00000000c0000000, 0x00000000c2900000, 0x00000000eaa80000)
  object space 41984K, 5% used [0x00000000c0000000,0x00000000c0254e28,0x00000000c2900000)
 PSPermGen       total 21504K, used 6198K [0x00000000b5a00000, 0x00000000b6f00000, 0x00000000c0000000)
  object space 21504K, 28% used [0x00000000b5a00000,0x00000000b600db30,0x00000000b6f00000)
Event: 4.586 GC heap after
Heap after GC invocations=3 (full 0):
 PSYoungGen      total 34304K, used 2528K [0x00000000eaa80000, 0x00000000eed80000, 0x0000000100000000)
  eden space 31744K, 0% used [0x00000000eaa80000,0x00000000eaa80000,0x00000000ec980000)
  from space 2560K, 98% used [0x00000000ec980000,0x00000000ecbf8028,0x00000000ecc00000)
  to   space 2560K, 0% used [0x00000000eeb00000,0x00000000eeb00000,0x00000000eed80000)
 ParOldGen       total 41984K, used 7588K [0x00000000c0000000, 0x00000000c2900000, 0x00000000eaa80000)
  object space 41984K, 18% used [0x00000000c0000000,0x00000000c0769200,0x00000000c2900000)
 PSPermGen       total 21504K, used 6198K [0x00000000b5a00000, 0x00000000b6f00000, 0x00000000c0000000)
  object space 21504K, 28% used [0x00000000b5a00000,0x00000000b600db30,0x00000000b6f00000)
}
Event: 5.799 GC heap before
{Heap before GC invocations=4 (full 0):
 PSYoungGen      total 34304K, used 34272K [0x00000000eaa80000, 0x00000000eed80000, 0x0000000100000000)
  eden space 31744K, 100% used [0x00000000eaa80000,0x00000000ec980000,0x00000000ec980000)
  from space 2560K, 98% used [0x00000000ec980000,0x00000000ecbf8028,0x00000000ecc00000)
  to   space 2560K, 0% used [0x00000000eeb00000,0x00000000eeb00000,0x00000000eed80000)
 ParOldGen       total 41984K, used 7588K [0x00000000c0000000, 0x00000000c2900000, 0x00000000eaa80000)
  object space 41984K, 18% used [0x00000000c0000000,0x00000000c0769200,0x00000000c2900000)
 PSPermGen       total 21504K, used 6228K [0x00000000b5a00000, 0x00000000b6f00000, 0x00000000c0000000)
  object space 21504K, 28% used [0x00000000b5a00000,0x00000000b6015028,0x00000000b6f00000)
Event: 5.844 GC heap after
Heap after GC invocations=4 (full 0):
 PSYoungGen      total 66048K, used 2544K [0x00000000eaa80000, 0x00000000eed80000, 0x0000000100000000)
  eden space 63488K, 0% used [0x00000000eaa80000,0x00000000eaa80000,0x00000000ee880000)
  from space 2560K, 99% used [0x00000000eeb00000,0x00000000eed7c038,0x00000000eed80000)
  to   space 2560K, 0% used [0x00000000ee880000,0x00000000ee880000,0x00000000eeb00000)
 ParOldGen       total 41984K, used 12733K [0x00000000c0000000, 0x00000000c2900000, 0x00000000eaa80000)
  object space 41984K, 30% used [0x00000000c0000000,0x00000000c0c6f6a0,0x00000000c2900000)
 PSPermGen       total 21504K, used 6228K [0x00000000b5a00000, 0x00000000b6f00000, 0x00000000c0000000)
  object space 21504K, 28% used [0x00000000b5a00000,0x00000000b6015028,0x00000000b6f00000)
}
Event: 9.010 GC heap before
{Heap before GC invocations=5 (full 0):
 PSYoungGen      total 66048K, used 66032K [0x00000000eaa80000, 0x00000000eed80000, 0x0000000100000000)
  eden space 63488K, 100% used [0x00000000eaa80000,0x00000000ee880000,0x00000000ee880000)
  from space 2560K, 99% used [0x00000000eeb00000,0x00000000eed7c038,0x00000000eed80000)
  to   space 2560K, 0% used [0x00000000ee880000,0x00000000ee880000,0x00000000eeb00000)
 ParOldGen       total 41984K, used 12733K [0x00000000c0000000, 0x00000000c2900000, 0x00000000eaa80000)
  object space 41984K, 30% used [0x00000000c0000000,0x00000000c0c6f6a0,0x00000000c2900000)
 PSPermGen       total 21504K, used 6282K [0x00000000b5a00000, 0x00000000b6f00000, 0x00000000c0000000)
  object space 21504K, 29% used [0x00000000b5a00000,0x00000000b6022818,0x00000000b6f00000)

Deoptimization events (10 events):
Event: 0.525 Thread 0x00007f2f8000a800 Uncommon trap: reason=unstable_if action=reinterpret pc=0x00007f2f7d0608f4 method=java.lang.String.indexOf(II)I @ 49
Event: 1.690 Thread 0x00007f2f801ca800 Uncommon trap: reason=class_check action=maybe_recompile pc=0x00007f2f7d0762dc method=com.android.dx.ssa.NormalSsaInsn.accept(Lcom/android/dx/ssa/SsaInsn$Visitor;)V @ 9
Event: 1.721 Thread 0x00007f2f801ca800 Uncommon trap: reason=class_check action=maybe_recompile pc=0x00007f2f7d0762dc method=com.android.dx.ssa.NormalSsaInsn.accept(Lcom/android/dx/ssa/SsaInsn$Visitor;)V @ 9
Event: 1.722 Thread 0x00007f2f801c6000 Uncommon trap: reason=class_check action=maybe_recompile pc=0x00007f2f7d0762dc method=com.android.dx.ssa.NormalSsaInsn.accept(Lcom/android/dx/ssa/SsaInsn$Visitor;)V @ 9
Event: 1.753 Thread 0x00007f2f801c6000 Uncommon trap: reason=class_check action=maybe_recompile pc=0x00007f2f7d0762dc method=com.android.dx.ssa.NormalSsaInsn.accept(Lcom/android/dx/ssa/SsaInsn$Visitor;)V @ 9
Event: 1.842 Thread 0x00007f2f8000a800 Uncommon trap: reason=unstable_if action=reinterpret pc=0x00007f2f7d076b5c method=java.util.BitSet.nextSetBit(I)I @ 87
Event: 3.282 Thread 0x00007f2f801ca800 Uncommon trap: reason=unstable_if action=reinterpret pc=0x00007f2f7d0a13f0 method=com.android.dx.cf.code.RopperMachine.jopToRopOpcode(ILcom/android/dx/rop/cst/Constant;)I @ 1027
Event: 3.375 Thread 0x00007f2f801c7800 Uncommon trap: reason=unstable_if action=reinterpret pc=0x00007f2f7d0902c4 method=com.android.dx.rop.cst.Constant.compareTo(Lcom/android/dx/rop/cst/Constant;)I @ 12
Event: 8.334 Thread 0x00007f2f801ca800 Uncommon trap: reason=unstable_if action=reinterpret pc=0x00007f2f7d0c144c method=com.android.dx.ssa.SsaMethod.updateOneDefinition(Lcom/android/dx/ssa/SsaInsn;Lcom/android/dx/rop/code/RegisterSpec;)V @ 4
Event: 8.345 Thread 0x00007f2f801c1000 Uncommon trap: reason=null_check action=make_not_entrant pc=0x00007f2f7d08b790 method=com.android.dx.rop.type.Type.equals(Ljava/lang/Object;)Z @ 8

Internal exceptions (10 events):
Event: 1.448 Thread 0x00007f2f8000a800 Threw 0x00000000eb994258 at /build/openjdk-7-9duhBW/openjdk-7-7u101-2.6.6/build/openjdk/hotspot/src/share/vm/prims/jvm.cpp:1322
Event: 1.450 Thread 0x00007f2f8000a800 Threw 0x00000000eb99ddd8 at /build/openjdk-7-9duhBW/openjdk-7-7u101-2.6.6/build/openjdk/hotspot/src/share/vm/prims/jvm.cpp:1322
Event: 1.576 Thread 0x00007f2f8000a800 Threw 0x00000000eab6ade0 at /build/openjdk-7-9duhBW/openjdk-7-7u101-2.6.6/build/openjdk/hotspot/src/share/vm/prims/jvm.cpp:1322
Event: 1.595 Thread 0x00007f2f8000a800 Threw 0x00000000eab80fb0 at /build/openjdk-7-9duhBW/openjdk-7-7u101-2.6.6/build/openjdk/hotspot/src/share/vm/prims/jvm.cpp:1322
Event: 1.940 Thread 0x00007f2f8000a800 Threw 0x00000000eaeaee60 at /build/openjdk-7-9duhBW/openjdk-7-7u101-2.6.6/build/openjdk/hotspot/src/share/vm/prims/jvm.cpp:1322
Event: 2.337 Thread 0x00007f2f801c7800 Threw 0x00000000eb70d4a8 at /build/openjdk-7-9duhBW/openjdk-7-7u101-2.6.6/build/openjdk/hotspot/src/share/vm/prims/jvm.cpp:1322
Event: 2.893 Thread 0x00007f2f8000a800 Threw 0x00000000eb1aa888 at /build/openjdk-7-9duhBW/openjdk-7-7u101-2.6.6/build/openjdk/hotspot/src/share/vm/prims/jvm.cpp:1322
Event: 4.809 Thread 0x00007f2f8000a800 Threw 0x00000000eafdbc58 at /build/openjdk-7-9duhBW/openjdk-7-7u101-2.6.6/build/openjdk/hotspot/src/share/vm/prims/jvm.cpp:1322
Event: 6.702 Thread 0x00007f2f801c6000 Threw 0x00000000ec281f38 at /build/openjdk-7-9duhBW/openjdk-7-7u101-2.6.6/build/openjdk/hotspot/src/share/vm/prims/jvm.cpp:1322
Event: 8.345 Thread 0x00007f2f801c1000 Implicit null exception at 0x00007f2f7d08b692 to 0x00007f2f7d08b783

Events (10 events):
Event: 6.702 loading class 0x00007f2f400098c0 done
Event: 6.867 Thread 0x00007f2f800ac000 flushing nmethod 0x00007f2f7d075f90
Event: 7.641 Thread 0x00007f2f800ac000 flushing nmethod 0x00007f2f7d076990
Event: 8.334 Thread 0x00007f2f801ca800 Uncommon trap: trap_request=0xffffff75 fr.pc=0x00007f2f7d0c144c
Event: 8.334 Thread 0x00007f2f801ca800 DEOPT PACKING pc=0x00007f2f7d0c144c sp=0x00007f2f74375eb0
Event: 8.334 Thread 0x00007f2f801ca800 DEOPT UNPACKING pc=0x00007f2f7d039045 sp=0x00007f2f74375e78 mode 2
Event: 8.345 Thread 0x00007f2f801c1000 Uncommon trap: trap_request=0xfffffff4 fr.pc=0x00007f2f7d08b790
Event: 8.345 Thread 0x00007f2f801c1000 DEOPT PACKING pc=0x00007f2f7d08b790 sp=0x00007f2f74779f70
Event: 8.345 Thread 0x00007f2f801c1000 DEOPT UNPACKING pc=0x00007f2f7d039045 sp=0x00007f2f74779f28 mode 2
Event: 8.730 Executing VM operation: ParallelGCFailedAllocation


Dynamic libraries:
00400000-00401000 r-xp 00000000 08:03 3418195                            /usr/lib/jvm/java-7-openjdk-amd64/jre/bin/java
00600000-00601000 r--p 00000000 08:03 3418195                            /usr/lib/jvm/java-7-openjdk-amd64/jre/bin/java
00601000-00602000 rw-p 00001000 08:03 3418195                            /usr/lib/jvm/java-7-openjdk-amd64/jre/bin/java
0139f000-013c0000 rw-p 00000000 00:00 0                                  [heap]
b5a00000-b6f00000 rw-p 00000000 00:00 0 
b6f00000-c0000000 rw-p 00000000 00:00 0 
c0000000-c2900000 rw-p 00000000 00:00 0 
c2900000-eaa80000 rw-p 00000000 00:00 0 
eaa80000-eed80000 rw-p 00000000 00:00 0 
f4080000-100000000 rw-p 00000000 00:00 0 
7f2f30000000-7f2f30021000 rw-p 00000000 00:00 0 
7f2f30021000-7f2f34000000 ---p 00000000 00:00 0 
7f2f38000000-7f2f38037000 rw-p 00000000 00:00 0 
7f2f38037000-7f2f3c000000 ---p 00000000 00:00 0 
7f2f3c000000-7f2f3c025000 rw-p 00000000 00:00 0 
7f2f3c025000-7f2f40000000 ---p 00000000 00:00 0 
7f2f40000000-7f2f40030000 rw-p 00000000 00:00 0 
7f2f40030000-7f2f44000000 ---p 00000000 00:00 0 
7f2f44000000-7f2f44021000 rw-p 00000000 00:00 0 
7f2f44021000-7f2f48000000 ---p 00000000 00:00 0 
7f2f48000000-7f2f48021000 rw-p 00000000 00:00 0 
7f2f48021000-7f2f4c000000 ---p 00000000 00:00 0 
7f2f4c000000-7f2f4c021000 rw-p 00000000 00:00 0 
7f2f4c021000-7f2f50000000 ---p 00000000 00:00 0 
7f2f50000000-7f2f51331000 rw-p 00000000 00:00 0 
7f2f51331000-7f2f54000000 ---p 00000000 00:00 0 
7f2f54000000-7f2f5568e000 rw-p 00000000 00:00 0 
7f2f5568e000-7f2f58000000 ---p 00000000 00:00 0 
7f2f58000000-7f2f58021000 rw-p 00000000 00:00 0 
7f2f58021000-7f2f5c000000 ---p 00000000 00:00 0 
7f2f5c000000-7f2f5c021000 rw-p 00000000 00:00 0 
7f2f5c021000-7f2f60000000 ---p 00000000 00:00 0 
7f2f60000000-7f2f60021000 rw-p 00000000 00:00 0 
7f2f60021000-7f2f64000000 ---p 00000000 00:00 0 
7f2f64000000-7f2f64021000 rw-p 00000000 00:00 0 
7f2f64021000-7f2f68000000 ---p 00000000 00:00 0 
7f2f68000000-7f2f68021000 rw-p 00000000 00:00 0 
7f2f68021000-7f2f6c000000 ---p 00000000 00:00 0 
7f2f6c000000-7f2f6c021000 rw-p 00000000 00:00 0 
7f2f6c021000-7f2f70000000 ---p 00000000 00:00 0 
7f2f70000000-7f2f70021000 rw-p 00000000 00:00 0 
7f2f70021000-7f2f74000000 ---p 00000000 00:00 0 
7f2f74277000-7f2f7427a000 ---p 00000000 00:00 0 
7f2f7427a000-7f2f74378000 rw-p 00000000 00:00 0 
7f2f74378000-7f2f7437b000 ---p 00000000 00:00 0 
7f2f7437b000-7f2f74479000 rw-p 00000000 00:00 0 
7f2f74479000-7f2f7447c000 ---p 00000000 00:00 0 
7f2f7447c000-7f2f7457a000 rw-p 00000000 00:00 0 
7f2f7457a000-7f2f7457d000 ---p 00000000 00:00 0 
7f2f7457d000-7f2f7467b000 rw-p 00000000 00:00 0 
7f2f7467b000-7f2f7467e000 ---p 00000000 00:00 0 
7f2f7467e000-7f2f7477c000 rw-p 00000000 00:00 0 
7f2f7477c000-7f2f747b9000 r-xp 00000000 08:03 1315121                    /lib/x86_64-linux-gnu/libpcre.so.3.13.1
7f2f747b9000-7f2f749b8000 ---p 0003d000 08:03 1315121                    /lib/x86_64-linux-gnu/libpcre.so.3.13.1
7f2f749b8000-7f2f749b9000 r--p 0003c000 08:03 1315121                    /lib/x86_64-linux-gnu/libpcre.so.3.13.1
7f2f749b9000-7f2f749ba000 rw-p 0003d000 08:03 1315121                    /lib/x86_64-linux-gnu/libpcre.so.3.13.1
7f2f749ba000-7f2f749c1000 r-xp 00000000 08:03 3426221                    /usr/lib/x86_64-linux-gnu/libffi.so.6.0.1
7f2f749c1000-7f2f74bc0000 ---p 00007000 08:03 3426221                    /usr/lib/x86_64-linux-gnu/libffi.so.6.0.1
7f2f74bc0000-7f2f74bc1000 r--p 00006000 08:03 3426221                    /usr/lib/x86_64-linux-gnu/libffi.so.6.0.1
7f2f74bc1000-7f2f74bc2000 rw-p 00007000 08:03 3426221                    /usr/lib/x86_64-linux-gnu/libffi.so.6.0.1
7f2f74bc2000-7f2f74bd9000 r-xp 00000000 08:03 1315099                    /lib/x86_64-linux-gnu/libresolv-2.19.so
7f2f74bd9000-7f2f74dd9000 ---p 00017000 08:03 1315099                    /lib/x86_64-linux-gnu/libresolv-2.19.so
7f2f74dd9000-7f2f74dda000 r--p 00017000 08:03 1315099                    /lib/x86_64-linux-gnu/libresolv-2.19.so
7f2f74dda000-7f2f74ddb000 rw-p 00018000 08:03 1315099                    /lib/x86_64-linux-gnu/libresolv-2.19.so
7f2f74ddb000-7f2f74ddd000 rw-p 00000000 00:00 0 
7f2f74ddd000-7f2f74dfd000 r-xp 00000000 08:03 1315267                    /lib/x86_64-linux-gnu/libselinux.so.1
7f2f74dfd000-7f2f74ffc000 ---p 00020000 08:03 1315267                    /lib/x86_64-linux-gnu/libselinux.so.1
7f2f74ffc000-7f2f74ffd000 r--p 0001f000 08:03 1315267                    /lib/x86_64-linux-gnu/libselinux.so.1
7f2f74ffd000-7f2f74ffe000 rw-p 00020000 08:03 1315267                    /lib/x86_64-linux-gnu/libselinux.so.1
7f2f74ffe000-7f2f75000000 rw-p 00000000 00:00 0 
7f2f75000000-7f2f75003000 r-xp 00000000 08:03 3416990                    /usr/lib/x86_64-linux-gnu/libgmodule-2.0.so.0.4002.0
7f2f75003000-7f2f75202000 ---p 00003000 08:03 3416990                    /usr/lib/x86_64-linux-gnu/libgmodule-2.0.so.0.4002.0
7f2f75202000-7f2f75203000 r--p 00002000 08:03 3416990                    /usr/lib/x86_64-linux-gnu/libgmodule-2.0.so.0.4002.0
7f2f75203000-7f2f75204000 rw-p 00003000 08:03 3416990                    /usr/lib/x86_64-linux-gnu/libgmodule-2.0.so.0.4002.0
7f2f75204000-7f2f7530a000 r-xp 00000000 08:03 1315168                    /lib/x86_64-linux-gnu/libglib-2.0.so.0.4002.0
7f2f7530a000-7f2f75509000 ---p 00106000 08:03 1315168                    /lib/x86_64-linux-gnu/libglib-2.0.so.0.4002.0
7f2f75509000-7f2f7550a000 r--p 00105000 08:03 1315168                    /lib/x86_64-linux-gnu/libglib-2.0.so.0.4002.0
7f2f7550a000-7f2f7550b000 rw-p 00106000 08:03 1315168                    /lib/x86_64-linux-gnu/libglib-2.0.so.0.4002.0
7f2f7550b000-7f2f7550c000 rw-p 00000000 00:00 0 
7f2f7550c000-7f2f7555b000 r-xp 00000000 08:03 3417006                    /usr/lib/x86_64-linux-gnu/libgobject-2.0.so.0.4002.0
7f2f7555b000-7f2f7575b000 ---p 0004f000 08:03 3417006                    /usr/lib/x86_64-linux-gnu/libgobject-2.0.so.0.4002.0
7f2f7575b000-7f2f7575c000 r--p 0004f000 08:03 3417006                    /usr/lib/x86_64-linux-gnu/libgobject-2.0.so.0.4002.0
7f2f7575c000-7f2f7575d000 rw-p 00050000 08:03 3417006                    /usr/lib/x86_64-linux-gnu/libgobject-2.0.so.0.4002.0
7f2f7575d000-7f2f758c9000 r-xp 00000000 08:03 3416978                    /usr/lib/x86_64-linux-gnu/libgio-2.0.so.0.4002.0
7f2f758c9000-7f2f75ac8000 ---p 0016c000 08:03 3416978                    /usr/lib/x86_64-linux-gnu/libgio-2.0.so.0.4002.0
7f2f75ac8000-7f2f75acc000 r--p 0016b000 08:03 3416978                    /usr/lib/x86_64-linux-gnu/libgio-2.0.so.0.4002.0
7f2f75acc000-7f2f75ace000 rw-p 0016f000 08:03 3416978                    /usr/lib/x86_64-linux-gnu/libgio-2.0.so.0.4002.0
7f2f75ace000-7f2f78000000 rw-p 00000000 00:00 0 
7f2f78000000-7f2f78021000 rw-p 00000000 00:00 0 
7f2f78021000-7f2f7c000000 ---p 00000000 00:00 0 
7f2f7c0f0000-7f2f7c107000 r-xp 00000000 08:03 3418217                    /usr/lib/jvm/java-7-openjdk-amd64/jre/lib/amd64/libnet.so
7f2f7c107000-7f2f7c306000 ---p 00017000 08:03 3418217                    /usr/lib/jvm/java-7-openjdk-amd64/jre/lib/amd64/libnet.so
7f2f7c306000-7f2f7c307000 r--p 00016000 08:03 3418217                    /usr/lib/jvm/java-7-openjdk-amd64/jre/lib/amd64/libnet.so
7f2f7c307000-7f2f7c308000 rw-p 00017000 08:03 3418217                    /usr/lib/jvm/java-7-openjdk-amd64/jre/lib/amd64/libnet.so
7f2f7c308000-7f2f7c318000 r-xp 00000000 08:03 3418239                    /usr/lib/jvm/java-7-openjdk-amd64/jre/lib/amd64/libnio.so
7f2f7c318000-7f2f7c518000 ---p 00010000 08:03 3418239                    /usr/lib/jvm/java-7-openjdk-amd64/jre/lib/amd64/libnio.so
7f2f7c518000-7f2f7c519000 r--p 00010000 08:03 3418239                    /usr/lib/jvm/java-7-openjdk-amd64/jre/lib/amd64/libnio.so
7f2f7c519000-7f2f7c51a000 rw-p 00011000 08:03 3418239                    /usr/lib/jvm/java-7-openjdk-amd64/jre/lib/amd64/libnio.so
7f2f7c51a000-7f2f7c51b000 ---p 00000000 00:00 0 
7f2f7c51b000-7f2f7c61b000 rw-p 00000000 00:00 0 
7f2f7c61b000-7f2f7c61e000 ---p 00000000 00:00 0 
7f2f7c61e000-7f2f7c71c000 rw-p 00000000 00:00 0 
7f2f7c71c000-7f2f7c71f000 ---p 00000000 00:00 0 
7f2f7c71f000-7f2f7c81d000 rw-p 00000000 00:00 0 
7f2f7c81d000-7f2f7c820000 ---p 00000000 00:00 0 
7f2f7c820000-7f2f7c91e000 rw-p 00000000 00:00 0 
7f2f7c91e000-7f2f7d000000 r--p 00000000 08:03 3415489                    /usr/lib/locale/locale-archive
7f2f7d000000-7f2f7d270000 rwxp 00000000 00:00 0 
7f2f7d270000-7f2f80201000 rw-p 00000000 00:00 0 
7f2f80201000-7f2f84000000 ---p 00000000 00:00 0 
7f2f8408a000-7f2f840bb000 rw-p 00000000 00:00 0 
7f2f840d9000-7f2f840e9000 r--s 00089000 08:03 2112479                    /home/codeyasam/.gradle/caches/modules-2/files-2.1/joda-time/joda-time/2.9.2/36d6e77a419cb455e6fd5909f6f96b168e21e9d0/joda-time-2.9.2.jar
7f2f840e9000-7f2f840f8000 r--s 000df000 08:03 1052189                    /opt/android-sdk-linux_configured/build-tools/23.0.2/lib/dx.jar
7f2f840f8000-7f2f840fb000 ---p 00000000 00:00 0 
7f2f840fb000-7f2f841f9000 rw-p 00000000 00:00 0 
7f2f841f9000-7f2f841fc000 ---p 00000000 00:00 0 
7f2f841fc000-7f2f842fa000 rw-p 00000000 00:00 0 
7f2f842fa000-7f2f842fd000 ---p 00000000 00:00 0 
7f2f842fd000-7f2f843fb000 rw-p 00000000 00:00 0 
7f2f843fb000-7f2f843fc000 ---p 00000000 00:00 0 
7f2f843fc000-7f2f854f9000 rw-p 00000000 00:00 0 
7f2f854f9000-7f2f856ab000 r--s 01d32000 08:03 3418253                    /usr/lib/jvm/java-7-openjdk-amd64/jre/lib/rt.jar
7f2f856ab000-7f2f859f7000 rw-p 00000000 00:00 0 
7f2f859f7000-7f2f859f8000 ---p 00000000 00:00 0 
7f2f859f8000-7f2f85af8000 rw-p 00000000 00:00 0 
7f2f85af8000-7f2f85af9000 ---p 00000000 00:00 0 
7f2f85af9000-7f2f85bf9000 rw-p 00000000 00:00 0 
7f2f85bf9000-7f2f85bfa000 ---p 00000000 00:00 0 
7f2f85bfa000-7f2f85cfa000 rw-p 00000000 00:00 0 
7f2f85cfa000-7f2f85cfb000 ---p 00000000 00:00 0 
7f2f85cfb000-7f2f85e06000 rw-p 00000000 00:00 0 
7f2f85e06000-7f2f85e4e000 rw-p 00000000 00:00 0 
7f2f85e4e000-7f2f85e63000 rw-p 00000000 00:00 0 
7f2f85e63000-7f2f85fa4000 rw-p 00000000 00:00 0 
7f2f85fa4000-7f2f85faf000 rw-p 00000000 00:00 0 
7f2f85faf000-7f2f85ff7000 rw-p 00000000 00:00 0 
7f2f85ff7000-7f2f8600c000 rw-p 00000000 00:00 0 
7f2f8600c000-7f2f8614c000 rw-p 00000000 00:00 0 
7f2f8614c000-7f2f8616e000 rw-p 00000000 00:00 0 
7f2f8616e000-7f2f861f7000 rw-p 00000000 00:00 0 
7f2f861f7000-7f2f861f8000 rw-p 00000000 00:00 0 
7f2f861f8000-7f2f86200000 r-xp 00000000 08:03 3418222                    /usr/lib/jvm/java-7-openjdk-amd64/jre/lib/amd64/libzip.so
7f2f86200000-7f2f863ff000 ---p 00008000 08:03 3418222                    /usr/lib/jvm/java-7-openjdk-amd64/jre/lib/amd64/libzip.so
7f2f863ff000-7f2f86400000 r--p 00007000 08:03 3418222                    /usr/lib/jvm/java-7-openjdk-amd64/jre/lib/amd64/libzip.so
7f2f86400000-7f2f86401000 rw-p 00008000 08:03 3418222                    /usr/lib/jvm/java-7-openjdk-amd64/jre/lib/amd64/libzip.so
7f2f86401000-7f2f8640c000 r-xp 00000000 08:03 1321062                    /lib/x86_64-linux-gnu/libnss_files-2.19.so
7f2f8640c000-7f2f8660b000 ---p 0000b000 08:03 1321062                    /lib/x86_64-linux-gnu/libnss_files-2.19.so
7f2f8660b000-7f2f8660c000 r--p 0000a000 08:03 1321062                    /lib/x86_64-linux-gnu/libnss_files-2.19.so
7f2f8660c000-7f2f8660d000 rw-p 0000b000 08:03 1321062                    /lib/x86_64-linux-gnu/libnss_files-2.19.so
7f2f8660d000-7f2f86618000 r-xp 00000000 08:03 1321054                    /lib/x86_64-linux-gnu/libnss_nis-2.19.so
7f2f86618000-7f2f86817000 ---p 0000b000 08:03 1321054                    /lib/x86_64-linux-gnu/libnss_nis-2.19.so
7f2f86817000-7f2f86818000 r--p 0000a000 08:03 1321054                    /lib/x86_64-linux-gnu/libnss_nis-2.19.so
7f2f86818000-7f2f86819000 rw-p 0000b000 08:03 1321054                    /lib/x86_64-linux-gnu/libnss_nis-2.19.so
7f2f86819000-7f2f86830000 r-xp 00000000 08:03 1318289                    /lib/x86_64-linux-gnu/libnsl-2.19.so
7f2f86830000-7f2f86a2f000 ---p 00017000 08:03 1318289                    /lib/x86_64-linux-gnu/libnsl-2.19.so
7f2f86a2f000-7f2f86a30000 r--p 00016000 08:03 1318289                    /lib/x86_64-linux-gnu/libnsl-2.19.so
7f2f86a30000-7f2f86a31000 rw-p 00017000 08:03 1318289                    /lib/x86_64-linux-gnu/libnsl-2.19.so
7f2f86a31000-7f2f86a33000 rw-p 00000000 00:00 0 
7f2f86a33000-7f2f86a3c000 r-xp 00000000 08:03 1318288                    /lib/x86_64-linux-gnu/libnss_compat-2.19.so
7f2f86a3c000-7f2f86c3b000 ---p 00009000 08:03 1318288                    /lib/x86_64-linux-gnu/libnss_compat-2.19.so
7f2f86c3b000-7f2f86c3c000 r--p 00008000 08:03 1318288                    /lib/x86_64-linux-gnu/libnss_compat-2.19.so
7f2f86c3c000-7f2f86c3d000 rw-p 00009000 08:03 1318288                    /lib/x86_64-linux-gnu/libnss_compat-2.19.so
7f2f86c3d000-7f2f86c68000 r-xp 00000000 08:03 3418208                    /usr/lib/jvm/java-7-openjdk-amd64/jre/lib/amd64/libjava.so
7f2f86c68000-7f2f86e68000 ---p 0002b000 08:03 3418208                    /usr/lib/jvm/java-7-openjdk-amd64/jre/lib/amd64/libjava.so
7f2f86e68000-7f2f86e69000 r--p 0002b000 08:03 3418208                    /usr/lib/jvm/java-7-openjdk-amd64/jre/lib/amd64/libjava.so
7f2f86e69000-7f2f86e6b000 rw-p 0002c000 08:03 3418208                    /usr/lib/jvm/java-7-openjdk-amd64/jre/lib/amd64/libjava.so
7f2f86e6b000-7f2f86e7b000 r-xp 00000000 08:03 3418209                    /usr/lib/jvm/java-7-openjdk-amd64/jre/lib/amd64/libverify.so
7f2f86e7b000-7f2f8707a000 ---p 00010000 08:03 3418209                    /usr/lib/jvm/java-7-openjdk-amd64/jre/lib/amd64/libverify.so
7f2f8707a000-7f2f8707c000 r--p 0000f000 08:03 3418209                    /usr/lib/jvm/java-7-openjdk-amd64/jre/lib/amd64/libverify.so
7f2f8707c000-7f2f8707d000 rw-p 00011000 08:03 3418209                    /usr/lib/jvm/java-7-openjdk-amd64/jre/lib/amd64/libverify.so
7f2f8707d000-7f2f87084000 r-xp 00000000 08:03 1321058                    /lib/x86_64-linux-gnu/librt-2.19.so
7f2f87084000-7f2f87283000 ---p 00007000 08:03 1321058                    /lib/x86_64-linux-gnu/librt-2.19.so
7f2f87283000-7f2f87284000 r--p 00006000 08:03 1321058                    /lib/x86_64-linux-gnu/librt-2.19.so
7f2f87284000-7f2f87285000 rw-p 00007000 08:03 1321058                    /lib/x86_64-linux-gnu/librt-2.19.so
7f2f87285000-7f2f8729b000 r-xp 00000000 08:03 1315114                    /lib/x86_64-linux-gnu/libgcc_s.so.1
7f2f8729b000-7f2f8749a000 ---p 00016000 08:03 1315114                    /lib/x86_64-linux-gnu/libgcc_s.so.1
7f2f8749a000-7f2f8749b000 rw-p 00015000 08:03 1315114                    /lib/x86_64-linux-gnu/libgcc_s.so.1
7f2f8749b000-7f2f875a0000 r-xp 00000000 08:03 1318283                    /lib/x86_64-linux-gnu/libm-2.19.so
7f2f875a0000-7f2f8779f000 ---p 00105000 08:03 1318283                    /lib/x86_64-linux-gnu/libm-2.19.so
7f2f8779f000-7f2f877a0000 r--p 00104000 08:03 1318283                    /lib/x86_64-linux-gnu/libm-2.19.so
7f2f877a0000-7f2f877a1000 rw-p 00105000 08:03 1318283                    /lib/x86_64-linux-gnu/libm-2.19.so
7f2f877a1000-7f2f87887000 r-xp 00000000 08:03 3408223                    /usr/lib/x86_64-linux-gnu/libstdc++.so.6.0.19
7f2f87887000-7f2f87a86000 ---p 000e6000 08:03 3408223                    /usr/lib/x86_64-linux-gnu/libstdc++.so.6.0.19
7f2f87a86000-7f2f87a8e000 r--p 000e5000 08:03 3408223                    /usr/lib/x86_64-linux-gnu/libstdc++.so.6.0.19
7f2f87a8e000-7f2f87a90000 rw-p 000ed000 08:03 3408223                    /usr/lib/x86_64-linux-gnu/libstdc++.so.6.0.19
7f2f87a90000-7f2f87aa5000 rw-p 00000000 00:00 0 
7f2f87aa5000-7f2f885ca000 r-xp 00000000 08:03 3418220                    /usr/lib/jvm/java-7-openjdk-amd64/jre/lib/amd64/server/libjvm.so
7f2f885ca000-7f2f887ca000 ---p 00b25000 08:03 3418220                    /usr/lib/jvm/java-7-openjdk-amd64/jre/lib/amd64/server/libjvm.so
7f2f887ca000-7f2f88864000 r--p 00b25000 08:03 3418220                    /usr/lib/jvm/java-7-openjdk-amd64/jre/lib/amd64/server/libjvm.so
7f2f88864000-7f2f88887000 rw-p 00bbf000 08:03 3418220                    /usr/lib/jvm/java-7-openjdk-amd64/jre/lib/amd64/server/libjvm.so
7f2f88887000-7f2f888b6000 rw-p 00000000 00:00 0 
7f2f888b6000-7f2f888ce000 r-xp 00000000 08:03 1315300                    /lib/x86_64-linux-gnu/libz.so.1.2.8
7f2f888ce000-7f2f88acd000 ---p 00018000 08:03 1315300                    /lib/x86_64-linux-gnu/libz.so.1.2.8
7f2f88acd000-7f2f88ace000 r--p 00017000 08:03 1315300                    /lib/x86_64-linux-gnu/libz.so.1.2.8
7f2f88ace000-7f2f88acf000 rw-p 00018000 08:03 1315300                    /lib/x86_64-linux-gnu/libz.so.1.2.8
7f2f88acf000-7f2f88ae8000 r-xp 00000000 08:03 1318290                    /lib/x86_64-linux-gnu/libpthread-2.19.so
7f2f88ae8000-7f2f88ce7000 ---p 00019000 08:03 1318290                    /lib/x86_64-linux-gnu/libpthread-2.19.so
7f2f88ce7000-7f2f88ce8000 r--p 00018000 08:03 1318290                    /lib/x86_64-linux-gnu/libpthread-2.19.so
7f2f88ce8000-7f2f88ce9000 rw-p 00019000 08:03 1318290                    /lib/x86_64-linux-gnu/libpthread-2.19.so
7f2f88ce9000-7f2f88ced000 rw-p 00000000 00:00 0 
7f2f88ced000-7f2f88cf0000 r-xp 00000000 08:03 1318285                    /lib/x86_64-linux-gnu/libdl-2.19.so
7f2f88cf0000-7f2f88eef000 ---p 00003000 08:03 1318285                    /lib/x86_64-linux-gnu/libdl-2.19.so
7f2f88eef000-7f2f88ef0000 r--p 00002000 08:03 1318285                    /lib/x86_64-linux-gnu/libdl-2.19.so
7f2f88ef0000-7f2f88ef1000 rw-p 00003000 08:03 1318285                    /lib/x86_64-linux-gnu/libdl-2.19.so
7f2f88ef1000-7f2f890ac000 r-xp 00000000 08:03 1321059                    /lib/x86_64-linux-gnu/libc-2.19.so
7f2f890ac000-7f2f892ab000 ---p 001bb000 08:03 1321059                    /lib/x86_64-linux-gnu/libc-2.19.so
7f2f892ab000-7f2f892af000 r--p 001ba000 08:03 1321059                    /lib/x86_64-linux-gnu/libc-2.19.so
7f2f892af000-7f2f892b1000 rw-p 001be000 08:03 1321059                    /lib/x86_64-linux-gnu/libc-2.19.so
7f2f892b1000-7f2f892b6000 rw-p 00000000 00:00 0 
7f2f892b6000-7f2f892c3000 r-xp 00000000 08:03 3418236                    /usr/lib/jvm/java-7-openjdk-amd64/jre/lib/amd64/jli/libjli.so
7f2f892c3000-7f2f894c2000 ---p 0000d000 08:03 3418236                    /usr/lib/jvm/java-7-openjdk-amd64/jre/lib/amd64/jli/libjli.so
7f2f894c2000-7f2f894c3000 r--p 0000c000 08:03 3418236                    /usr/lib/jvm/java-7-openjdk-amd64/jre/lib/amd64/jli/libjli.so
7f2f894c3000-7f2f894c4000 rw-p 0000d000 08:03 3418236                    /usr/lib/jvm/java-7-openjdk-amd64/jre/lib/amd64/jli/libjli.so
7f2f894c4000-7f2f894e7000 r-xp 00000000 08:03 1318291                    /lib/x86_64-linux-gnu/ld-2.19.so
7f2f894e7000-7f2f8950a000 rw-p 00000000 00:00 0 
7f2f8950a000-7f2f895c0000 rw-p 00000000 00:00 0 
7f2f895c0000-7f2f895c3000 ---p 00000000 00:00 0 
7f2f895c3000-7f2f896c6000 rw-p 00000000 00:00 0 
7f2f896c6000-7f2f896ca000 r--s 0003c000 08:03 3418269                    /usr/lib/jvm/java-7-openjdk-amd64/jre/lib/ext/sunpkcs11.jar
7f2f896ca000-7f2f896cc000 r--s 00006000 08:03 3819988                    /usr/share/java/java-atk-wrapper.jar
7f2f896cc000-7f2f896cd000 r--s 00002000 08:03 3418264                    /usr/lib/jvm/java-7-openjdk-amd64/jre/lib/ext/dnsns.jar
7f2f896cd000-7f2f896d1000 r--s 00085000 08:03 3418268                    /usr/lib/jvm/java-7-openjdk-amd64/jre/lib/ext/localedata.jar
7f2f896d1000-7f2f896d4000 r--s 0000f000 08:03 3418267                    /usr/lib/jvm/java-7-openjdk-amd64/jre/lib/ext/icedtea-sound.jar
7f2f896d4000-7f2f896d8000 r--s 00034000 08:03 3418266                    /usr/lib/jvm/java-7-openjdk-amd64/jre/lib/ext/sunjce_provider.jar
7f2f896d8000-7f2f896da000 r--s 00012000 08:03 3418265                    /usr/lib/jvm/java-7-openjdk-amd64/jre/lib/ext/zipfs.jar
7f2f896da000-7f2f896e2000 rw-s 00000000 08:03 2112727                    /tmp/hsperfdata_codeyasam/12045
7f2f896e2000-7f2f896e3000 rw-p 00000000 00:00 0 
7f2f896e3000-7f2f896e4000 ---p 00000000 00:00 0 
7f2f896e4000-7f2f896e6000 rw-p 00000000 00:00 0 
7f2f896e6000-7f2f896e7000 r--p 00022000 08:03 1318291                    /lib/x86_64-linux-gnu/ld-2.19.so
7f2f896e7000-7f2f896e8000 rw-p 00023000 08:03 1318291                    /lib/x86_64-linux-gnu/ld-2.19.so
7f2f896e8000-7f2f896e9000 rw-p 00000000 00:00 0 
7ffd7783e000-7ffd7785f000 rw-p 00000000 00:00 0                          [stack]
7ffd7799e000-7ffd779a0000 r--p 00000000 00:00 0                          [vvar]
7ffd779a0000-7ffd779a2000 r-xp 00000000 00:00 0                          [vdso]
ffffffffff600000-ffffffffff601000 r-xp 00000000 00:00 0                  [vsyscall]

VM Arguments:
jvm_args: -Djava.awt.headless=true -Xmx1024M -Dfile.encoding=UTF-8 -Duser.country=PH -Duser.language=en -Duser.variant 
java_command: com.android.dx.command.Main --dex --num-threads=4 --output /home/codeyasam/StudioProjects/Mappr/app/build/intermediates/pre-dexed/debug/joda-time-2.9.2_a1b68785017aa189f1459a52757a864ba78ffb5f.jar /home/codeyasam/.gradle/caches/modules-2/files-2.1/joda-time/joda-time/2.9.2/36d6e77a419cb455e6fd5909f6f96b168e21e9d0/joda-time-2.9.2.jar
Launcher Type: SUN_STANDARD

Environment Variables:
JAVA_HOME=/usr/lib/jvm/java-7-openjdk-amd64
PATH=/usr/local/sbin:/usr/local/bin:/usr/sbin:/usr/bin:/sbin:/bin:/usr/games:/usr/local/games
SHELL=/bin/bash
DISPLAY=:0

Signal Handlers:
SIGSEGV: [libjvm.so+0x9561e0], sa_mask[0]=0x7ffbfeff, sa_flags=0x10000004
SIGBUS: [libjvm.so+0x9561e0], sa_mask[0]=0x7ffbfeff, sa_flags=0x10000004
SIGFPE: [libjvm.so+0x7cc4d0], sa_mask[0]=0x7ffbfeff, sa_flags=0x10000004
SIGPIPE: [libjvm.so+0x7cc4d0], sa_mask[0]=0x7ffbfeff, sa_flags=0x10000004
SIGXFSZ: [libjvm.so+0x7cc4d0], sa_mask[0]=0x7ffbfeff, sa_flags=0x10000004
SIGILL: [libjvm.so+0x7cc4d0], sa_mask[0]=0x7ffbfeff, sa_flags=0x10000004
SIGUSR1: SIG_DFL, sa_mask[0]=0x00000000, sa_flags=0x00000000
SIGUSR2: [libjvm.so+0x7cc370], sa_mask[0]=0x00000004, sa_flags=0x10000004
SIGHUP: [libjvm.so+0x7cc550], sa_mask[0]=0x7ffbfeff, sa_flags=0x10000004
SIGINT: [libjvm.so+0x7cc550], sa_mask[0]=0x7ffbfeff, sa_flags=0x10000004
SIGTERM: [libjvm.so+0x7cc550], sa_mask[0]=0x7ffbfeff, sa_flags=0x10000004
SIGQUIT: [libjvm.so+0x7cc550], sa_mask[0]=0x7ffbfeff, sa_flags=0x10000004
SIGTRAP: SIG_DFL, sa_mask[0]=0x00000000, sa_flags=0x00000000


---------------  S Y S T E M  ---------------

OS:Ubuntu 14.04 (trusty)
uname:Linux 3.19.0-59-generic #65~14.04.1-Ubuntu SMP Tue Apr 19 18:57:09 UTC 2016 x86_64
libc:glibc 2.19 NPTL 2.19 
rlimit: STACK 8192k, CORE 0k, NPROC 15691, NOFILE 4096, AS infinity
load average:17.67 6.37 2.58

/proc/meminfo:
MemTotal:        4038356 kB
MemFree:          116304 kB
MemAvailable:      65092 kB
Buffers:            1632 kB
Cached:            79940 kB
SwapCached:        12720 kB
Active:          2860884 kB
Inactive:         898344 kB
Active(anon):    2853180 kB
Inactive(anon):   878604 kB
Active(file):       7704 kB
Inactive(file):    19740 kB
Unevictable:          64 kB
Mlocked:              64 kB
SwapTotal:        488276 kB
SwapFree:            356 kB
Dirty:               500 kB
Writeback:             0 kB
AnonPages:       3665164 kB
Mapped:            69904 kB
Shmem:             53992 kB
Slab:              71760 kB
SReclaimable:      39064 kB
SUnreclaim:        32696 kB
KernelStack:       10800 kB
PageTables:        42568 kB
NFS_Unstable:          0 kB
Bounce:                0 kB
WritebackTmp:          0 kB
CommitLimit:     2507452 kB
Committed_AS:    8175468 kB
VmallocTotal:   34359738367 kB
VmallocUsed:      109196 kB
VmallocChunk:   34359558028 kB
HardwareCorrupted:     0 kB
AnonHugePages:   1931264 kB
CmaTotal:              0 kB
CmaFree:               0 kB
HugePages_Total:       0
HugePages_Free:        0
HugePages_Rsvd:        0
HugePages_Surp:        0
Hugepagesize:       2048 kB
DirectMap4k:      134976 kB
DirectMap2M:     4050944 kB


CPU:total 4 (4 cores per cpu, 1 threads per core) family 6 model 30 stepping 5, cmov, cx8, fxsr, mmx, sse, sse2, sse3, ssse3, sse4.1, sse4.2, popcnt, tsc, tscinvbit

/proc/cpuinfo:
processor	: 0
vendor_id	: GenuineIntel
cpu family	: 6
model		: 30
model name	: Intel(R) Core(TM) i5 CPU         750  @ 2.67GHz
stepping	: 5
microcode	: 0x4
cpu MHz		: 2661.000
cache size	: 8192 KB
physical id	: 0
siblings	: 4
core id		: 0
cpu cores	: 4
apicid		: 0
initial apicid	: 0
fpu		: yes
fpu_exception	: yes
cpuid level	: 11
wp		: yes
flags		: fpu vme de pse tsc msr pae mce cx8 apic sep mtrr pge mca cmov pat pse36 clflush dts acpi mmx fxsr sse sse2 ss ht tm pbe syscall nx rdtscp lm constant_tsc arch_perfmon pebs bts rep_good nopl xtopology nonstop_tsc aperfmperf pni dtes64 monitor ds_cpl vmx smx est tm2 ssse3 cx16 xtpr pdcm sse4_1 sse4_2 popcnt lahf_lm ida dtherm tpr_shadow vnmi flexpriority ept vpid
bugs		:
bogomips	: 5329.49
clflush size	: 64
cache_alignment	: 64
address sizes	: 36 bits physical, 48 bits virtual
power management:

processor	: 1
vendor_id	: GenuineIntel
cpu family	: 6
model		: 30
model name	: Intel(R) Core(TM) i5 CPU         750  @ 2.67GHz
stepping	: 5
microcode	: 0x4
cpu MHz		: 2661.000
cache size	: 8192 KB
physical id	: 0
siblings	: 4
core id		: 1
cpu cores	: 4
apicid		: 2
initial apicid	: 2
fpu		: yes
fpu_exception	: yes
cpuid level	: 11
wp		: yes
flags		: fpu vme de pse tsc msr pae mce cx8 apic sep mtrr pge mca cmov pat pse36 clflush dts acpi mmx fxsr sse sse2 ss ht tm pbe syscall nx rdtscp lm constant_tsc arch_perfmon pebs bts rep_good nopl xtopology nonstop_tsc aperfmperf pni dtes64 monitor ds_cpl vmx smx est tm2 ssse3 cx16 xtpr pdcm sse4_1 sse4_2 popcnt lahf_lm ida dtherm tpr_shadow vnmi flexpriority ept vpid
bugs		:
bogomips	: 5329.49
clflush size	: 64
cache_alignment	: 64
address sizes	: 36 bits physical, 48 bits virtual
power management:

processor	: 2
vendor_id	: GenuineIntel
cpu family	: 6
model		: 30
model name	: Intel(R) Core(TM) i5 CPU         750  @ 2.67GHz
stepping	: 5
microcode	: 0x4
cpu MHz		: 2661.000
cache size	: 8192 KB
physical id	: 0
siblings	: 4
core id		: 2
cpu cores	: 4
apicid		: 4
initial apicid	: 4
fpu		: yes
fpu_exception	: yes
cpuid level	: 11
wp		: yes
flags		: fpu vme de pse tsc msr pae mce cx8 apic sep mtrr pge mca cmov pat pse36 clflush dts acpi mmx fxsr sse sse2 ss ht tm pbe syscall nx rdtscp lm constant_tsc arch_perfmon pebs bts rep_good nopl xtopology nonstop_tsc aperfmperf pni dtes64 monitor ds_cpl vmx smx est tm2 ssse3 cx16 xtpr pdcm sse4_1 sse4_2 popcnt lahf_lm ida dtherm tpr_shadow vnmi flexpriority ept vpid
bugs		:
bogomips	: 5329.49
clflush size	: 64
cache_alignment	: 64
address sizes	: 36 bits physical, 48 bits virtual
power management:

processor	: 3
vendor_id	: GenuineIntel
cpu family	: 6
model		: 30
model name	: Intel(R) Core(TM) i5 CPU         750  @ 2.67GHz
stepping	: 5
microcode	: 0x4
cpu MHz		: 2661.000
cache size	: 8192 KB
physical id	: 0
siblings	: 4
core id		: 3
cpu cores	: 4
apicid		: 6
initial apicid	: 6
fpu		: yes
fpu_exception	: yes
cpuid level	: 11
wp		: yes
flags		: fpu vme de pse tsc msr pae mce cx8 apic sep mtrr pge mca cmov pat pse36 clflush dts acpi mmx fxsr sse sse2 ss ht tm pbe syscall nx rdtscp lm constant_tsc arch_perfmon pebs bts rep_good nopl xtopology nonstop_tsc aperfmperf pni dtes64 monitor ds_cpl vmx smx est tm2 ssse3 cx16 xtpr pdcm sse4_1 sse4_2 popcnt lahf_lm ida dtherm tpr_shadow vnmi flexpriority ept vpid
bugs		:
bogomips	: 5329.49
clflush size	: 64
cache_alignment	: 64
address sizes	: 36 bits physical, 48 bits virtual
power management:



Memory: 4k page, physical 4038356k(116180k free), swap 488276k(356k free)

vm_info: OpenJDK 64-Bit Server VM (24.95-b01) for linux-amd64 JRE (1.7.0_101-b00), built on Apr 24 2016 20:39:29 by "buildd" with gcc 4.8.2

time: Sat Jun 25 01:34:39 2016
elapsed time: 13 seconds

