#
# There is insufficient memory for the Java Runtime Environment to continue.
# Native memory allocation (malloc) failed to allocate 81264640 bytes for committing reserved memory.
# Possible reasons:
#   The system is out of physical RAM or swap space
#   In 32 bit mode, the process size limit was hit
# Possible solutions:
#   Reduce memory load on the system
#   Increase physical memory or swap space
#   Check if swap backing store is full
#   Use 64 bit Java on a 64 bit OS
#   Decrease Java heap size (-Xmx/-Xms)
#   Decrease number of Java threads
#   Decrease Java thread stack sizes (-Xss)
#   Set larger code cache with -XX:ReservedCodeCacheSize=
# This output file may be truncated or incomplete.
#
#  Out of Memory Error (os_linux.cpp:2827), pid=18265, tid=140077206697728
#
# JRE version: OpenJDK Runtime Environment (7.0_101) (build 1.7.0_101-b00)
# Java VM: OpenJDK 64-Bit Server VM (24.95-b01 mixed mode linux-amd64 compressed oops)
# Derivative: IcedTea 2.6.6
# Distribution: Ubuntu 14.04 LTS, package 7u101-2.6.6-0ubuntu0.14.04.1
# Failed to write core dump. Core dumps have been disabled. To enable core dumping, try "ulimit -c unlimited" before starting Java again
#

---------------  T H R E A D  ---------------

Current thread (0x00007f664c075800):  VMThread [stack: 0x00007f6644157000,0x00007f6644258000] [id=18275]

Stack: [0x00007f6644157000,0x00007f6644258000],  sp=0x00007f6644256490,  free space=1021k
Native frames: (J=compiled Java code, j=interpreted, Vv=VM code, C=native code)
V  [libjvm.so+0x955705]
V  [libjvm.so+0x490c44]
V  [libjvm.so+0x7d0c9b]
V  [libjvm.so+0x7cb75f]
V  [libjvm.so+0x83ee5b]
V  [libjvm.so+0x82f0ab]
V  [libjvm.so+0x82f26b]
V  [libjvm.so+0x830198]
V  [libjvm.so+0x836a44]
V  [libjvm.so+0x83cf9d]
V  [libjvm.so+0x7f34a3]
V  [libjvm.so+0x957104]
V  [libjvm.so+0x95b207]
V  [libjvm.so+0x959cc8]
V  [libjvm.so+0x95a129]
V  [libjvm.so+0x95a572]
V  [libjvm.so+0x7cdb62]

VM_Operation (0x00007f663db66fe0): ParallelGCFailedAllocation, mode: safepoint, requested by thread 0x00007f664c192800


---------------  P R O C E S S  ---------------

Java Threads: ( => current thread )
  0x00007f664c19e000 JavaThread "pool-1-thread-4" [_thread_blocked, id=18292, stack(0x00007f663d664000,0x00007f663d765000)]
  0x00007f664c19c000 JavaThread "pool-1-thread-3" [_thread_blocked, id=18291, stack(0x00007f663d765000,0x00007f663d866000)]
  0x00007f664c19b000 JavaThread "pool-1-thread-2" [_thread_blocked, id=18290, stack(0x00007f663d866000,0x00007f663d967000)]
  0x00007f664c196000 JavaThread "pool-2-thread-1" [_thread_blocked, id=18289, stack(0x00007f663d967000,0x00007f663da68000)]
  0x00007f664c192800 JavaThread "pool-1-thread-1" [_thread_blocked, id=18288, stack(0x00007f663da68000,0x00007f663db69000)]
  0x00007f664c0b0800 JavaThread "Service Thread" daemon [_thread_blocked, id=18286, stack(0x00007f663f419000,0x00007f663f51a000)]
  0x00007f664c0ae000 JavaThread "C2 CompilerThread1" daemon [_thread_blocked, id=18285, stack(0x00007f663f51a000,0x00007f663f61b000)]
  0x00007f664c0ab000 JavaThread "C2 CompilerThread0" daemon [_thread_blocked, id=18284, stack(0x00007f663f61b000,0x00007f663f71c000)]
  0x00007f664c0a9000 JavaThread "Signal Dispatcher" daemon [_thread_blocked, id=18283, stack(0x00007f663f71c000,0x00007f663f81d000)]
  0x00007f664c07c000 JavaThread "Finalizer" daemon [_thread_blocked, id=18277, stack(0x00007f663feff000,0x00007f6640000000)]
  0x00007f664c07a000 JavaThread "Reference Handler" daemon [_thread_blocked, id=18276, stack(0x00007f6644056000,0x00007f6644157000)]
  0x00007f664c00a800 JavaThread "main" [_thread_blocked, id=18268, stack(0x00007f6652864000,0x00007f6652965000)]

Other Threads:
=>0x00007f664c075800 VMThread [stack: 0x00007f6644157000,0x00007f6644258000] [id=18275]
  0x00007f664c0bb000 WatcherThread [stack: 0x00007f663f318000,0x00007f663f419000] [id=18287]

VM state:at safepoint (normal execution)

VM Mutex/Monitor currently owned by a thread:  ([mutex/lock_event])
[0x00007f664c006350] ExpandHeap_lock - owner thread: 0x00007f664c075800
[0x00007f664c0069d0] Threads_lock - owner thread: 0x00007f664c075800
[0x00007f664c006ed0] Heap_lock - owner thread: 0x00007f664c192800

Heap
 PSYoungGen      total 188416K, used 0K [0x00000000eaa80000, 0x0000000100000000, 0x0000000100000000)
  eden space 116224K, 0% used [0x00000000eaa80000,0x00000000eaa80000,0x00000000f1c00000)
  from space 72192K, 0% used [0x00000000f8900000,0x00000000f8900000,0x00000000fcf80000)
  to   space 111616K, 0% used [0x00000000f1c00000,0x00000000f1c00000,0x00000000f8900000)
 ParOldGen       total 172544K, used 157780K [0x00000000c0000000, 0x00000000ca880000, 0x00000000eaa80000)
  object space 172544K, 91% used [0x00000000c0000000,0x00000000c9a151c0,0x00000000ca880000)
 PSPermGen       total 21504K, used 6393K [0x00000000b5a00000, 0x00000000b6f00000, 0x00000000c0000000)
  object space 21504K, 29% used [0x00000000b5a00000,0x00000000b603e558,0x00000000b6f00000)

Card table byte_map: [0x00007f6648139000,0x00007f664838d000] byte_map_base: 0x00007f6647b8c000

Polling page: 0x00007f6652987000

Code Cache  [0x00007f664838d000, 0x00007f664864d000, 0x00007f664b38d000)
 total_blobs=907 nmethods=677 adapters=184 free_code_cache=46399Kb largest_free_block=47472832

Compilation events (10 events):
Event: 18.702 Thread 0x00007f664c0ab000 nmethod 684 0x00007f6648638cd0 code [0x00007f6648638e20, 0x00007f6648638ea8]
Event: 18.702 Thread 0x00007f664c0ab000  685             java.util.ArrayList$SubList::rangeCheck (26 bytes)
Event: 18.702 Thread 0x00007f664c0ab000 nmethod 685 0x00007f664863c790 code [0x00007f664863c8e0, 0x00007f664863c978]
Event: 18.702 Thread 0x00007f664c0ab000  686             java.util.ArrayList$SubList::get (23 bytes)
Event: 18.703 Thread 0x00007f664c0ab000 nmethod 686 0x00007f664863dd90 code [0x00007f664863dee0, 0x00007f664863dff8]
Event: 18.703 Thread 0x00007f664c0ab000  687             com.android.dx.ssa.PhiInsn::updateSourcesToDefinitions (68 bytes)
Event: 18.710 Thread 0x00007f664c0ab000 nmethod 687 0x00007f664863d350 code [0x00007f664863d4e0, 0x00007f664863d858]
Event: 18.710 Thread 0x00007f664c0ab000  688             com.android.dx.dex.file.Section::throwIfPrepared (18 bytes)
Event: 18.710 Thread 0x00007f664c0ab000 nmethod 688 0x00007f664863d110 code [0x00007f664863d240, 0x00007f664863d2b8]
Event: 18.710 Thread 0x00007f664c0ab000  689             com.android.dx.ssa.PhiInsn::mapSourceRegisters (78 bytes)

GC Heap History (10 events):
Event: 12.329 GC heap after
Heap after GC invocations=9 (full 0):
 PSYoungGen      total 140288K, used 21483K [0x00000000eaa80000, 0x00000000fcf80000, 0x0000000100000000)
  eden space 118784K, 0% used [0x00000000eaa80000,0x00000000eaa80000,0x00000000f1e80000)
  from space 21504K, 99% used [0x00000000f1e80000,0x00000000f337ae28,0x00000000f3380000)
  to   space 54784K, 0% used [0x00000000f9a00000,0x00000000f9a00000,0x00000000fcf80000)
 ParOldGen       total 98816K, used 97559K [0x00000000c0000000, 0x00000000c6080000, 0x00000000eaa80000)
  object space 98816K, 98% used [0x00000000c0000000,0x00000000c5f45da0,0x00000000c6080000)
 PSPermGen       total 21504K, used 6381K [0x00000000b5a00000, 0x00000000b6f00000, 0x00000000c0000000)
  object space 21504K, 29% used [0x00000000b5a00000,0x00000000b603b598,0x00000000b6f00000)
}
Event: 12.329 GC heap before
{Heap before GC invocations=10 (full 1):
 PSYoungGen      total 140288K, used 21483K [0x00000000eaa80000, 0x00000000fcf80000, 0x0000000100000000)
  eden space 118784K, 0% used [0x00000000eaa80000,0x00000000eaa80000,0x00000000f1e80000)
  from space 21504K, 99% used [0x00000000f1e80000,0x00000000f337ae28,0x00000000f3380000)
  to   space 54784K, 0% used [0x00000000f9a00000,0x00000000f9a00000,0x00000000fcf80000)
 ParOldGen       total 98816K, used 97559K [0x00000000c0000000, 0x00000000c6080000, 0x00000000eaa80000)
  object space 98816K, 98% used [0x00000000c0000000,0x00000000c5f45da0,0x00000000c6080000)
 PSPermGen       total 21504K, used 6381K [0x00000000b5a00000, 0x00000000b6f00000, 0x00000000c0000000)
  object space 21504K, 29% used [0x00000000b5a00000,0x00000000b603b598,0x00000000b6f00000)
Event: 14.402 GC heap after
Heap after GC invocations=10 (full 1):
 PSYoungGen      total 140288K, used 12014K [0x00000000eaa80000, 0x00000000fcf80000, 0x0000000100000000)
  eden space 118784K, 0% used [0x00000000eaa80000,0x00000000eaa80000,0x00000000f1e80000)
  from space 21504K, 55% used [0x00000000f1e80000,0x00000000f2a3b800,0x00000000f3380000)
  to   space 54784K, 0% used [0x00000000f9a00000,0x00000000f9a00000,0x00000000fcf80000)
 ParOldGen       total 163328K, used 98690K [0x00000000c0000000, 0x00000000c9f80000, 0x00000000eaa80000)
  object space 163328K, 60% used [0x00000000c0000000,0x00000000c60608f8,0x00000000c9f80000)
 PSPermGen       total 21504K, used 6379K [0x00000000b5a00000, 0x00000000b6f00000, 0x00000000c0000000)
  object space 21504K, 29% used [0x00000000b5a00000,0x00000000b603ad08,0x00000000b6f00000)
}
Event: 15.263 GC heap before
{Heap before GC invocations=11 (full 1):
 PSYoungGen      total 140288K, used 130798K [0x00000000eaa80000, 0x00000000fcf80000, 0x0000000100000000)
  eden space 118784K, 100% used [0x00000000eaa80000,0x00000000f1e80000,0x00000000f1e80000)
  from space 21504K, 55% used [0x00000000f1e80000,0x00000000f2a3b800,0x00000000f3380000)
  to   space 54784K, 0% used [0x00000000f9a00000,0x00000000f9a00000,0x00000000fcf80000)
 ParOldGen       total 163328K, used 98690K [0x00000000c0000000, 0x00000000c9f80000, 0x00000000eaa80000)
  object space 163328K, 60% used [0x00000000c0000000,0x00000000c60608f8,0x00000000c9f80000)
 PSPermGen       total 21504K, used 6387K [0x00000000b5a00000, 0x00000000b6f00000, 0x00000000c0000000)
  object space 21504K, 29% used [0x00000000b5a00000,0x00000000b603ced0,0x00000000b6f00000)
Event: 15.426 GC heap after
Heap after GC invocations=11 (full 1):
 PSYoungGen      total 190976K, used 54592K [0x00000000eaa80000, 0x00000000fcf80000, 0x0000000100000000)
  eden space 136192K, 0% used [0x00000000eaa80000,0x00000000eaa80000,0x00000000f2f80000)
  from space 54784K, 99% used [0x00000000f9a00000,0x00000000fcf501b8,0x00000000fcf80000)
  to   space 65024K, 0% used [0x00000000f5080000,0x00000000f5080000,0x00000000f9000000)
 ParOldGen       total 163328K, used 100575K [0x00000000c0000000, 0x00000000c9f80000, 0x00000000eaa80000)
  object space 163328K, 61% used [0x00000000c0000000,0x00000000c6237e38,0x00000000c9f80000)
 PSPermGen       total 21504K, used 6387K [0x00000000b5a00000, 0x00000000b6f00000, 0x00000000c0000000)
  object space 21504K, 29% used [0x00000000b5a00000,0x00000000b603ced0,0x00000000b6f00000)
}
Event: 17.868 GC heap before
{Heap before GC invocations=12 (full 1):
 PSYoungGen      total 190976K, used 190784K [0x00000000eaa80000, 0x00000000fcf80000, 0x0000000100000000)
  eden space 136192K, 100% used [0x00000000eaa80000,0x00000000f2f80000,0x00000000f2f80000)
  from space 54784K, 99% used [0x00000000f9a00000,0x00000000fcf501b8,0x00000000fcf80000)
  to   space 65024K, 0% used [0x00000000f5080000,0x00000000f5080000,0x00000000f9000000)
 ParOldGen       total 163328K, used 100575K [0x00000000c0000000, 0x00000000c9f80000, 0x00000000eaa80000)
  object space 163328K, 61% used [0x00000000c0000000,0x00000000c6237e38,0x00000000c9f80000)
 PSPermGen       total 21504K, used 6393K [0x00000000b5a00000, 0x00000000b6f00000, 0x00000000c0000000)
  object space 21504K, 29% used [0x00000000b5a00000,0x00000000b603e778,0x00000000b6f00000)
Event: 17.968 GC heap after
Heap after GC invocations=12 (full 1):
 PSYoungGen      total 208896K, used 52955K [0x00000000eaa80000, 0x00000000fcf80000, 0x0000000100000000)
  eden space 155648K, 0% used [0x00000000eaa80000,0x00000000eaa80000,0x00000000f4280000)
  from space 53248K, 99% used [0x00000000f5080000,0x00000000f8436c78,0x00000000f8480000)
  to   space 72192K, 0% used [0x00000000f8900000,0x00000000f8900000,0x00000000fcf80000)
 ParOldGen       total 163328K, used 100575K [0x00000000c0000000, 0x00000000c9f80000, 0x00000000eaa80000)
  object space 163328K, 61% used [0x00000000c0000000,0x00000000c6237e38,0x00000000c9f80000)
 PSPermGen       total 21504K, used 6393K [0x00000000b5a00000, 0x00000000b6f00000, 0x00000000c0000000)
  object space 21504K, 29% used [0x00000000b5a00000,0x00000000b603e778,0x00000000b6f00000)
}
Event: 18.746 GC heap before
{Heap before GC invocations=13 (full 1):
 PSYoungGen      total 208896K, used 208603K [0x00000000eaa80000, 0x00000000fcf80000, 0x0000000100000000)
  eden space 155648K, 100% used [0x00000000eaa80000,0x00000000f4280000,0x00000000f4280000)
  from space 53248K, 99% used [0x00000000f5080000,0x00000000f8436c78,0x00000000f8480000)
  to   space 72192K, 0% used [0x00000000f8900000,0x00000000f8900000,0x00000000fcf80000)
 ParOldGen       total 163328K, used 100575K [0x00000000c0000000, 0x00000000c9f80000, 0x00000000eaa80000)
  object space 163328K, 61% used [0x00000000c0000000,0x00000000c6237e38,0x00000000c9f80000)
 PSPermGen       total 21504K, used 6393K [0x00000000b5a00000, 0x00000000b6f00000, 0x00000000c0000000)
  object space 21504K, 29% used [0x00000000b5a00000,0x00000000b603e798,0x00000000b6f00000)
Event: 24.075 GC heap after
Heap after GC invocations=13 (full 1):
 PSYoungGen      total 188416K, used 72166K [0x00000000eaa80000, 0x0000000100000000, 0x0000000100000000)
  eden space 116224K, 0% used [0x00000000eaa80000,0x00000000eaa80000,0x00000000f1c00000)
  from space 72192K, 99% used [0x00000000f8900000,0x00000000fcf79a30,0x00000000fcf80000)
  to   space 111616K, 0% used [0x00000000f1c00000,0x00000000f1c00000,0x00000000f8900000)
 ParOldGen       total 172544K, used 172416K [0x00000000c0000000, 0x00000000ca880000, 0x00000000eaa80000)
  object space 172544K, 99% used [0x00000000c0000000,0x00000000ca8600d8,0x00000000ca880000)
 PSPermGen       total 21504K, used 6393K [0x00000000b5a00000, 0x00000000b6f00000, 0x00000000c0000000)
  object space 21504K, 29% used [0x00000000b5a00000,0x00000000b603e798,0x00000000b6f00000)
}
Event: 24.075 GC heap before
{Heap before GC invocations=14 (full 2):
 PSYoungGen      total 188416K, used 72166K [0x00000000eaa80000, 0x0000000100000000, 0x0000000100000000)
  eden space 116224K, 0% used [0x00000000eaa80000,0x00000000eaa80000,0x00000000f1c00000)
  from space 72192K, 99% used [0x00000000f8900000,0x00000000fcf79a30,0x00000000fcf80000)
  to   space 111616K, 0% used [0x00000000f1c00000,0x00000000f1c00000,0x00000000f8900000)
 ParOldGen       total 172544K, used 172416K [0x00000000c0000000, 0x00000000ca880000, 0x00000000eaa80000)
  object space 172544K, 99% used [0x00000000c0000000,0x00000000ca8600d8,0x00000000ca880000)
 PSPermGen       total 21504K, used 6393K [0x00000000b5a00000, 0x00000000b6f00000, 0x00000000c0000000)
  object space 21504K, 29% used [0x00000000b5a00000,0x00000000b603e798,0x00000000b6f00000)

Deoptimization events (10 events):
Event: 14.913 Thread 0x00007f664c00a800 Uncommon trap: reason=class_check action=maybe_recompile pc=0x00007f66484488ac method=com.android.dx.ssa.SsaConverter.placePhiFunctions(Lcom/android/dx/ssa/SsaMethod;Lcom/android/dx/ssa/LocalVariableInfo;I)V @ 257
Event: 14.919 Thread 0x00007f664c192800 Uncommon trap: reason=class_check action=maybe_recompile pc=0x00007f66484488ac method=com.android.dx.ssa.SsaConverter.placePhiFunctions(Lcom/android/dx/ssa/SsaMethod;Lcom/android/dx/ssa/LocalVariableInfo;I)V @ 257
Event: 14.930 Thread 0x00007f664c19e000 Uncommon trap: reason=class_check action=maybe_recompile pc=0x00007f66484488ac method=com.android.dx.ssa.SsaConverter.placePhiFunctions(Lcom/android/dx/ssa/SsaMethod;Lcom/android/dx/ssa/LocalVariableInfo;I)V @ 257
Event: 15.690 Thread 0x00007f664c00a800 Uncommon trap: reason=unloaded action=reinterpret pc=0x00007f6648411540 method=com.android.dx.ssa.SetFactory.makeLivenessSet(I)Lcom/android/dx/util/IntSet; @ 18
Event: 16.529 Thread 0x00007f664c00a800 Uncommon trap: reason=class_check action=maybe_recompile pc=0x00007f6648591200 method=com.android.dx.ssa.back.InterferenceGraph.mergeInterferenceSet(ILcom/android/dx/util/IntSet;)V @ 20
Event: 16.544 Thread 0x00007f664c00a800 Uncommon trap: reason=class_check action=maybe_recompile pc=0x00007f6648560dcc method=com.android.dx.ssa.back.InterferenceGraph.mergeInterferenceSet(ILcom/android/dx/util/IntSet;)V @ 20
Event: 16.614 Thread 0x00007f664c19e000 Uncommon trap: reason=class_check action=maybe_recompile pc=0x00007f6648591200 method=com.android.dx.ssa.back.InterferenceGraph.mergeInterferenceSet(ILcom/android/dx/util/IntSet;)V @ 20
Event: 16.635 Thread 0x00007f664c19e000 Uncommon trap: reason=class_check action=maybe_recompile pc=0x00007f6648560dcc method=com.android.dx.ssa.back.InterferenceGraph.mergeInterferenceSet(ILcom/android/dx/util/IntSet;)V @ 20
Event: 16.735 Thread 0x00007f664c192800 Uncommon trap: reason=class_check action=maybe_recompile pc=0x00007f6648591200 method=com.android.dx.ssa.back.InterferenceGraph.mergeInterferenceSet(ILcom/android/dx/util/IntSet;)V @ 20
Event: 18.612 Thread 0x00007f664c19b000 Uncommon trap: reason=class_check action=maybe_recompile pc=0x00007f66484488ac method=com.android.dx.ssa.SsaConverter.placePhiFunctions(Lcom/android/dx/ssa/SsaMethod;Lcom/android/dx/ssa/LocalVariableInfo;I)V @ 257

Internal exceptions (10 events):
Event: 2.363 Thread 0x00007f664c19b000 Threw 0x00000000eadee5e0 at /build/openjdk-7-9duhBW/openjdk-7-7u101-2.6.6/build/openjdk/hotspot/src/share/vm/prims/jvm.cpp:1322
Event: 2.364 Thread 0x00007f664c19b000 Threw 0x00000000eadf4678 at /build/openjdk-7-9duhBW/openjdk-7-7u101-2.6.6/build/openjdk/hotspot/src/share/vm/prims/jvm.cpp:1322
Event: 2.364 Thread 0x00007f664c19b000 Threw 0x00000000eadfa568 at /build/openjdk-7-9duhBW/openjdk-7-7u101-2.6.6/build/openjdk/hotspot/src/share/vm/prims/jvm.cpp:1322
Event: 3.886 Thread 0x00007f664c00a800 Threw 0x00000000ec473cf0 at /build/openjdk-7-9duhBW/openjdk-7-7u101-2.6.6/build/openjdk/hotspot/src/share/vm/prims/jvm.cpp:1322
Event: 4.510 Thread 0x00007f664c192800 Threw 0x00000000eb64a990 at /build/openjdk-7-9duhBW/openjdk-7-7u101-2.6.6/build/openjdk/hotspot/src/share/vm/prims/jvm.cpp:1322
Event: 4.747 Thread 0x00007f664c192800 Threw 0x00000000ebcbe140 at /build/openjdk-7-9duhBW/openjdk-7-7u101-2.6.6/build/openjdk/hotspot/src/share/vm/prims/jvm.cpp:1322
Event: 5.664 Thread 0x00007f664c00a800 Implicit null exception at 0x00007f664847d50f to 0x00007f664847dbf1
Event: 8.657 Thread 0x00007f664c19e000 Implicit null exception at 0x00007f66484c1f75 to 0x00007f66484c54cd
Event: 14.502 Thread 0x00007f664c19e000 Threw 0x00000000ef2df138 at /build/openjdk-7-9duhBW/openjdk-7-7u101-2.6.6/build/openjdk/hotspot/src/share/vm/prims/jvm.cpp:1322
Event: 14.913 Thread 0x00007f664c00a800 Threw 0x00000000f106e288 at /build/openjdk-7-9duhBW/openjdk-7-7u101-2.6.6/build/openjdk/hotspot/src/share/vm/prims/jvm.cpp:1322

Events (10 events):
Event: 16.635 Thread 0x00007f664c19e000 DEOPT UNPACKING pc=0x00007f66483c6045 sp=0x00007f663d762ff0 mode 2
Event: 16.735 Thread 0x00007f664c192800 Uncommon trap: trap_request=0xffffffde fr.pc=0x00007f6648591200
Event: 16.735 Thread 0x00007f664c192800 DEOPT PACKING pc=0x00007f6648591200 sp=0x00007f663db671a0
Event: 16.735 Thread 0x00007f664c192800 DEOPT UNPACKING pc=0x00007f66483c6045 sp=0x00007f663db66ff8 mode 2
Event: 17.859 Executing VM operation: ParallelGCFailedAllocation
Event: 17.968 Executing VM operation: ParallelGCFailedAllocation done
Event: 18.612 Thread 0x00007f664c19b000 Uncommon trap: trap_request=0xffffffde fr.pc=0x00007f66484488ac
Event: 18.612 Thread 0x00007f664c19b000 DEOPT PACKING pc=0x00007f66484488ac sp=0x00007f663d965240
Event: 18.612 Thread 0x00007f664c19b000 DEOPT UNPACKING pc=0x00007f66483c6045 sp=0x00007f663d965200 mode 2
Event: 18.739 Executing VM operation: ParallelGCFailedAllocation


Dynamic libraries:
00400000-00401000 r-xp 00000000 08:03 3418195                            /usr/lib/jvm/java-7-openjdk-amd64/jre/bin/java
00600000-00601000 r--p 00000000 08:03 3418195                            /usr/lib/jvm/java-7-openjdk-amd64/jre/bin/java
00601000-00602000 rw-p 00001000 08:03 3418195                            /usr/lib/jvm/java-7-openjdk-amd64/jre/bin/java
00eb6000-00ed7000 rw-p 00000000 00:00 0                                  [heap]
b5a00000-b6f00000 rw-p 00000000 00:00 0 
b6f00000-c0000000 rw-p 00000000 00:00 0 
c0000000-ca880000 rw-p 00000000 00:00 0 
cf600000-eaa80000 rw-p 00000000 00:00 0 
eaa80000-100000000 rw-p 00000000 00:00 0 
7f65f8000000-7f65f8027000 rw-p 00000000 00:00 0 
7f65f8027000-7f65fc000000 ---p 00000000 00:00 0 
7f6600000000-7f6600026000 rw-p 00000000 00:00 0 
7f6600026000-7f6604000000 ---p 00000000 00:00 0 
7f6604000000-7f6604039000 rw-p 00000000 00:00 0 
7f6604039000-7f6608000000 ---p 00000000 00:00 0 
7f6608000000-7f6608021000 rw-p 00000000 00:00 0 
7f6608021000-7f660c000000 ---p 00000000 00:00 0 
7f660c000000-7f660c021000 rw-p 00000000 00:00 0 
7f660c021000-7f6610000000 ---p 00000000 00:00 0 
7f6610000000-7f6610021000 rw-p 00000000 00:00 0 
7f6610021000-7f6614000000 ---p 00000000 00:00 0 
7f6614000000-7f6614021000 rw-p 00000000 00:00 0 
7f6614021000-7f6618000000 ---p 00000000 00:00 0 
7f6618000000-7f661958d000 rw-p 00000000 00:00 0 
7f661958d000-7f661c000000 ---p 00000000 00:00 0 
7f661c000000-7f661d908000 rw-p 00000000 00:00 0 
7f661d908000-7f6620000000 ---p 00000000 00:00 0 
7f6620000000-7f6620021000 rw-p 00000000 00:00 0 
7f6620021000-7f6624000000 ---p 00000000 00:00 0 
7f6624000000-7f6624021000 rw-p 00000000 00:00 0 
7f6624021000-7f6628000000 ---p 00000000 00:00 0 
7f6628000000-7f6628021000 rw-p 00000000 00:00 0 
7f6628021000-7f662c000000 ---p 00000000 00:00 0 
7f662c000000-7f662c021000 rw-p 00000000 00:00 0 
7f662c021000-7f6630000000 ---p 00000000 00:00 0 
7f6630000000-7f6630021000 rw-p 00000000 00:00 0 
7f6630021000-7f6634000000 ---p 00000000 00:00 0 
7f6634000000-7f6634021000 rw-p 00000000 00:00 0 
7f6634021000-7f6638000000 ---p 00000000 00:00 0 
7f6638000000-7f6638021000 rw-p 00000000 00:00 0 
7f6638021000-7f663c000000 ---p 00000000 00:00 0 
7f663d664000-7f663d667000 ---p 00000000 00:00 0 
7f663d667000-7f663d765000 rw-p 00000000 00:00 0 
7f663d765000-7f663d768000 ---p 00000000 00:00 0 
7f663d768000-7f663d866000 rw-p 00000000 00:00 0 
7f663d866000-7f663d869000 ---p 00000000 00:00 0 
7f663d869000-7f663d967000 rw-p 00000000 00:00 0 
7f663d967000-7f663d96a000 ---p 00000000 00:00 0 
7f663d96a000-7f663da68000 rw-p 00000000 00:00 0 
7f663da68000-7f663da6b000 ---p 00000000 00:00 0 
7f663da6b000-7f663db9a000 rw-p 00000000 00:00 0 
7f663db9a000-7f663dbd7000 r-xp 00000000 08:03 1315121                    /lib/x86_64-linux-gnu/libpcre.so.3.13.1
7f663dbd7000-7f663ddd6000 ---p 0003d000 08:03 1315121                    /lib/x86_64-linux-gnu/libpcre.so.3.13.1
7f663ddd6000-7f663ddd7000 r--p 0003c000 08:03 1315121                    /lib/x86_64-linux-gnu/libpcre.so.3.13.1
7f663ddd7000-7f663ddd8000 rw-p 0003d000 08:03 1315121                    /lib/x86_64-linux-gnu/libpcre.so.3.13.1
7f663ddd8000-7f663dddf000 r-xp 00000000 08:03 3426221                    /usr/lib/x86_64-linux-gnu/libffi.so.6.0.1
7f663dddf000-7f663dfde000 ---p 00007000 08:03 3426221                    /usr/lib/x86_64-linux-gnu/libffi.so.6.0.1
7f663dfde000-7f663dfdf000 r--p 00006000 08:03 3426221                    /usr/lib/x86_64-linux-gnu/libffi.so.6.0.1
7f663dfdf000-7f663dfe0000 rw-p 00007000 08:03 3426221                    /usr/lib/x86_64-linux-gnu/libffi.so.6.0.1
7f663dfe0000-7f663dff7000 r-xp 00000000 08:03 1315099                    /lib/x86_64-linux-gnu/libresolv-2.19.so
7f663dff7000-7f663e1f7000 ---p 00017000 08:03 1315099                    /lib/x86_64-linux-gnu/libresolv-2.19.so
7f663e1f7000-7f663e1f8000 r--p 00017000 08:03 1315099                    /lib/x86_64-linux-gnu/libresolv-2.19.so
7f663e1f8000-7f663e1f9000 rw-p 00018000 08:03 1315099                    /lib/x86_64-linux-gnu/libresolv-2.19.so
7f663e1f9000-7f663e1fb000 rw-p 00000000 00:00 0 
7f663e1fb000-7f663e21b000 r-xp 00000000 08:03 1315267                    /lib/x86_64-linux-gnu/libselinux.so.1
7f663e21b000-7f663e41a000 ---p 00020000 08:03 1315267                    /lib/x86_64-linux-gnu/libselinux.so.1
7f663e41a000-7f663e41b000 r--p 0001f000 08:03 1315267                    /lib/x86_64-linux-gnu/libselinux.so.1
7f663e41b000-7f663e41c000 rw-p 00020000 08:03 1315267                    /lib/x86_64-linux-gnu/libselinux.so.1
7f663e41c000-7f663e41e000 rw-p 00000000 00:00 0 
7f663e41e000-7f663e421000 r-xp 00000000 08:03 3416990                    /usr/lib/x86_64-linux-gnu/libgmodule-2.0.so.0.4002.0
7f663e421000-7f663e620000 ---p 00003000 08:03 3416990                    /usr/lib/x86_64-linux-gnu/libgmodule-2.0.so.0.4002.0
7f663e620000-7f663e621000 r--p 00002000 08:03 3416990                    /usr/lib/x86_64-linux-gnu/libgmodule-2.0.so.0.4002.0
7f663e621000-7f663e622000 rw-p 00003000 08:03 3416990                    /usr/lib/x86_64-linux-gnu/libgmodule-2.0.so.0.4002.0
7f663e622000-7f663e728000 r-xp 00000000 08:03 1315168                    /lib/x86_64-linux-gnu/libglib-2.0.so.0.4002.0
7f663e728000-7f663e927000 ---p 00106000 08:03 1315168                    /lib/x86_64-linux-gnu/libglib-2.0.so.0.4002.0
7f663e927000-7f663e928000 r--p 00105000 08:03 1315168                    /lib/x86_64-linux-gnu/libglib-2.0.so.0.4002.0
7f663e928000-7f663e929000 rw-p 00106000 08:03 1315168                    /lib/x86_64-linux-gnu/libglib-2.0.so.0.4002.0
7f663e929000-7f663e92a000 rw-p 00000000 00:00 0 
7f663e92a000-7f663e979000 r-xp 00000000 08:03 3417006                    /usr/lib/x86_64-linux-gnu/libgobject-2.0.so.0.4002.0
7f663e979000-7f663eb79000 ---p 0004f000 08:03 3417006                    /usr/lib/x86_64-linux-gnu/libgobject-2.0.so.0.4002.0
7f663eb79000-7f663eb7a000 r--p 0004f000 08:03 3417006                    /usr/lib/x86_64-linux-gnu/libgobject-2.0.so.0.4002.0
7f663eb7a000-7f663eb7b000 rw-p 00050000 08:03 3417006                    /usr/lib/x86_64-linux-gnu/libgobject-2.0.so.0.4002.0
7f663eb7b000-7f663ece7000 r-xp 00000000 08:03 3416978                    /usr/lib/x86_64-linux-gnu/libgio-2.0.so.0.4002.0
7f663ece7000-7f663eee6000 ---p 0016c000 08:03 3416978                    /usr/lib/x86_64-linux-gnu/libgio-2.0.so.0.4002.0
7f663eee6000-7f663eeea000 r--p 0016b000 08:03 3416978                    /usr/lib/x86_64-linux-gnu/libgio-2.0.so.0.4002.0
7f663eeea000-7f663eeec000 rw-p 0016f000 08:03 3416978                    /usr/lib/x86_64-linux-gnu/libgio-2.0.so.0.4002.0
7f663eeec000-7f663eeee000 rw-p 00000000 00:00 0 
7f663eeee000-7f663ef05000 r-xp 00000000 08:03 3418217                    /usr/lib/jvm/java-7-openjdk-amd64/jre/lib/amd64/libnet.so
7f663ef05000-7f663f104000 ---p 00017000 08:03 3418217                    /usr/lib/jvm/java-7-openjdk-amd64/jre/lib/amd64/libnet.so
7f663f104000-7f663f105000 r--p 00016000 08:03 3418217                    /usr/lib/jvm/java-7-openjdk-amd64/jre/lib/amd64/libnet.so
7f663f105000-7f663f106000 rw-p 00017000 08:03 3418217                    /usr/lib/jvm/java-7-openjdk-amd64/jre/lib/amd64/libnet.so
7f663f106000-7f663f116000 r-xp 00000000 08:03 3418239                    /usr/lib/jvm/java-7-openjdk-amd64/jre/lib/amd64/libnio.so
7f663f116000-7f663f316000 ---p 00010000 08:03 3418239                    /usr/lib/jvm/java-7-openjdk-amd64/jre/lib/amd64/libnio.so
7f663f316000-7f663f317000 r--p 00010000 08:03 3418239                    /usr/lib/jvm/java-7-openjdk-amd64/jre/lib/amd64/libnio.so
7f663f317000-7f663f318000 rw-p 00011000 08:03 3418239                    /usr/lib/jvm/java-7-openjdk-amd64/jre/lib/amd64/libnio.so
7f663f318000-7f663f319000 ---p 00000000 00:00 0 
7f663f319000-7f663f419000 rw-p 00000000 00:00 0 
7f663f419000-7f663f41c000 ---p 00000000 00:00 0 
7f663f41c000-7f663f51a000 rw-p 00000000 00:00 0 
7f663f51a000-7f663f51d000 ---p 00000000 00:00 0 
7f663f51d000-7f663f61b000 rw-p 00000000 00:00 0 
7f663f61b000-7f663f61e000 ---p 00000000 00:00 0 
7f663f61e000-7f663f71c000 rw-p 00000000 00:00 0 
7f663f71c000-7f663f71f000 ---p 00000000 00:00 0 
7f663f71f000-7f663f81d000 rw-p 00000000 00:00 0 
7f663f81d000-7f663feff000 r--p 00000000 08:03 3415489                    /usr/lib/locale/locale-archive
7f663feff000-7f663ff02000 ---p 00000000 00:00 0 
7f663ff02000-7f6640000000 rw-p 00000000 00:00 0 
7f6640000000-7f6640021000 rw-p 00000000 00:00 0 
7f6640021000-7f6644000000 ---p 00000000 00:00 0 
7f664403e000-7f6644056000 r--s 000f5000 08:03 1067076                    /home/codeyasam/StudioProjects/Mappr/app/build/intermediates/exploded-aar/com.google.android.gms/play-services-ads/8.4.0/jars/classes.jar
7f6644056000-7f6644059000 ---p 00000000 00:00 0 
7f6644059000-7f6644157000 rw-p 00000000 00:00 0 
7f6644157000-7f6644158000 ---p 00000000 00:00 0 
7f6644158000-7f6645234000 rw-p 00000000 00:00 0 
7f6645234000-7f66453e6000 r--s 01d32000 08:03 3418253                    /usr/lib/jvm/java-7-openjdk-amd64/jre/lib/rt.jar
7f66453e6000-7f6647bdf000 rw-p 00000000 00:00 0 
7f6647bdf000-7f6647be0000 ---p 00000000 00:00 0 
7f6647be0000-7f6647ce0000 rw-p 00000000 00:00 0 
7f6647ce0000-7f6647ce1000 ---p 00000000 00:00 0 
7f6647ce1000-7f6647de1000 rw-p 00000000 00:00 0 
7f6647de1000-7f6647de2000 ---p 00000000 00:00 0 
7f6647de2000-7f6647ee2000 rw-p 00000000 00:00 0 
7f6647ee2000-7f6647ee3000 ---p 00000000 00:00 0 
7f6647ee3000-7f6648038000 rw-p 00000000 00:00 0 
7f6648038000-7f6648139000 rw-p 00000000 00:00 0 
7f6648139000-7f6648144000 rw-p 00000000 00:00 0 
7f6648144000-7f664818c000 rw-p 00000000 00:00 0 
7f664818c000-7f66481e1000 rw-p 00000000 00:00 0 
7f66481e1000-7f66482e1000 rw-p 00000000 00:00 0 
7f66482e1000-7f664838c000 rw-p 00000000 00:00 0 
7f664838c000-7f664838d000 rw-p 00000000 00:00 0 
7f664838d000-7f664864d000 rwxp 00000000 00:00 0 
7f664864d000-7f664b38d000 rw-p 00000000 00:00 0 
7f664b38d000-7f664b395000 r-xp 00000000 08:03 3418222                    /usr/lib/jvm/java-7-openjdk-amd64/jre/lib/amd64/libzip.so
7f664b395000-7f664b594000 ---p 00008000 08:03 3418222                    /usr/lib/jvm/java-7-openjdk-amd64/jre/lib/amd64/libzip.so
7f664b594000-7f664b595000 r--p 00007000 08:03 3418222                    /usr/lib/jvm/java-7-openjdk-amd64/jre/lib/amd64/libzip.so
7f664b595000-7f664b596000 rw-p 00008000 08:03 3418222                    /usr/lib/jvm/java-7-openjdk-amd64/jre/lib/amd64/libzip.so
7f664b596000-7f664b5a1000 r-xp 00000000 08:03 1321062                    /lib/x86_64-linux-gnu/libnss_files-2.19.so
7f664b5a1000-7f664b7a0000 ---p 0000b000 08:03 1321062                    /lib/x86_64-linux-gnu/libnss_files-2.19.so
7f664b7a0000-7f664b7a1000 r--p 0000a000 08:03 1321062                    /lib/x86_64-linux-gnu/libnss_files-2.19.so
7f664b7a1000-7f664b7a2000 rw-p 0000b000 08:03 1321062                    /lib/x86_64-linux-gnu/libnss_files-2.19.so
7f664b7a2000-7f664b7ad000 r-xp 00000000 08:03 1321054                    /lib/x86_64-linux-gnu/libnss_nis-2.19.so
7f664b7ad000-7f664b9ac000 ---p 0000b000 08:03 1321054                    /lib/x86_64-linux-gnu/libnss_nis-2.19.so
7f664b9ac000-7f664b9ad000 r--p 0000a000 08:03 1321054                    /lib/x86_64-linux-gnu/libnss_nis-2.19.so
7f664b9ad000-7f664b9ae000 rw-p 0000b000 08:03 1321054                    /lib/x86_64-linux-gnu/libnss_nis-2.19.so
7f664b9ae000-7f664b9c5000 r-xp 00000000 08:03 1318289                    /lib/x86_64-linux-gnu/libnsl-2.19.so
7f664b9c5000-7f664bbc4000 ---p 00017000 08:03 1318289                    /lib/x86_64-linux-gnu/libnsl-2.19.so
7f664bbc4000-7f664bbc5000 r--p 00016000 08:03 1318289                    /lib/x86_64-linux-gnu/libnsl-2.19.so
7f664bbc5000-7f664bbc6000 rw-p 00017000 08:03 1318289                    /lib/x86_64-linux-gnu/libnsl-2.19.so
7f664bbc6000-7f664bbc8000 rw-p 00000000 00:00 0 
7f664bbc8000-7f664bbd1000 r-xp 00000000 08:03 1318288                    /lib/x86_64-linux-gnu/libnss_compat-2.19.so
7f664bbd1000-7f664bdd0000 ---p 00009000 08:03 1318288                    /lib/x86_64-linux-gnu/libnss_compat-2.19.so
7f664bdd0000-7f664bdd1000 r--p 00008000 08:03 1318288                    /lib/x86_64-linux-gnu/libnss_compat-2.19.so
7f664bdd1000-7f664bdd2000 rw-p 00009000 08:03 1318288                    /lib/x86_64-linux-gnu/libnss_compat-2.19.so
7f664bdd2000-7f664bdfd000 r-xp 00000000 08:03 3418208                    /usr/lib/jvm/java-7-openjdk-amd64/jre/lib/amd64/libjava.so
7f664bdfd000-7f664bffd000 ---p 0002b000 08:03 3418208                    /usr/lib/jvm/java-7-openjdk-amd64/jre/lib/amd64/libjava.so
7f664bffd000-7f664bffe000 r--p 0002b000 08:03 3418208                    /usr/lib/jvm/java-7-openjdk-amd64/jre/lib/amd64/libjava.so
7f664bffe000-7f664c000000 rw-p 0002c000 08:03 3418208                    /usr/lib/jvm/java-7-openjdk-amd64/jre/lib/amd64/libjava.so
7f664c000000-7f664c1d0000 rw-p 00000000 00:00 0 
7f664c1d0000-7f6650000000 ---p 00000000 00:00 0 
7f6650009000-7f6650018000 r--s 000df000 08:03 1052189                    /opt/android-sdk-linux_configured/build-tools/23.0.2/lib/dx.jar
7f6650018000-7f66500c7000 rw-p 00000000 00:00 0 
7f66500c7000-7f665010f000 rw-p 00000000 00:00 0 
7f665010f000-7f665011f000 r-xp 00000000 08:03 3418209                    /usr/lib/jvm/java-7-openjdk-amd64/jre/lib/amd64/libverify.so
7f665011f000-7f665031e000 ---p 00010000 08:03 3418209                    /usr/lib/jvm/java-7-openjdk-amd64/jre/lib/amd64/libverify.so
7f665031e000-7f6650320000 r--p 0000f000 08:03 3418209                    /usr/lib/jvm/java-7-openjdk-amd64/jre/lib/amd64/libverify.so
7f6650320000-7f6650321000 rw-p 00011000 08:03 3418209                    /usr/lib/jvm/java-7-openjdk-amd64/jre/lib/amd64/libverify.so
7f6650321000-7f6650328000 r-xp 00000000 08:03 1321058                    /lib/x86_64-linux-gnu/librt-2.19.so
7f6650328000-7f6650527000 ---p 00007000 08:03 1321058                    /lib/x86_64-linux-gnu/librt-2.19.so
7f6650527000-7f6650528000 r--p 00006000 08:03 1321058                    /lib/x86_64-linux-gnu/librt-2.19.so
7f6650528000-7f6650529000 rw-p 00007000 08:03 1321058                    /lib/x86_64-linux-gnu/librt-2.19.so
7f6650529000-7f665053f000 r-xp 00000000 08:03 1315114                    /lib/x86_64-linux-gnu/libgcc_s.so.1
7f665053f000-7f665073e000 ---p 00016000 08:03 1315114                    /lib/x86_64-linux-gnu/libgcc_s.so.1
7f665073e000-7f665073f000 rw-p 00015000 08:03 1315114                    /lib/x86_64-linux-gnu/libgcc_s.so.1
7f665073f000-7f6650844000 r-xp 00000000 08:03 1318283                    /lib/x86_64-linux-gnu/libm-2.19.so
7f6650844000-7f6650a43000 ---p 00105000 08:03 1318283                    /lib/x86_64-linux-gnu/libm-2.19.so
7f6650a43000-7f6650a44000 r--p 00104000 08:03 1318283                    /lib/x86_64-linux-gnu/libm-2.19.so
7f6650a44000-7f6650a45000 rw-p 00105000 08:03 1318283                    /lib/x86_64-linux-gnu/libm-2.19.so
7f6650a45000-7f6650b2b000 r-xp 00000000 08:03 3408223                    /usr/lib/x86_64-linux-gnu/libstdc++.so.6.0.19
7f6650b2b000-7f6650d2a000 ---p 000e6000 08:03 3408223                    /usr/lib/x86_64-linux-gnu/libstdc++.so.6.0.19
7f6650d2a000-7f6650d32000 r--p 000e5000 08:03 3408223                    /usr/lib/x86_64-linux-gnu/libstdc++.so.6.0.19
7f6650d32000-7f6650d34000 rw-p 000ed000 08:03 3408223                    /usr/lib/x86_64-linux-gnu/libstdc++.so.6.0.19
7f6650d34000-7f6650d49000 rw-p 00000000 00:00 0 
7f6650d49000-7f665186e000 r-xp 00000000 08:03 3418220                    /usr/lib/jvm/java-7-openjdk-amd64/jre/lib/amd64/server/libjvm.so
7f665186e000-7f6651a6e000 ---p 00b25000 08:03 3418220                    /usr/lib/jvm/java-7-openjdk-amd64/jre/lib/amd64/server/libjvm.so
7f6651a6e000-7f6651b08000 r--p 00b25000 08:03 3418220                    /usr/lib/jvm/java-7-openjdk-amd64/jre/lib/amd64/server/libjvm.so
7f6651b08000-7f6651b2b000 rw-p 00bbf000 08:03 3418220                    /usr/lib/jvm/java-7-openjdk-amd64/jre/lib/amd64/server/libjvm.so
7f6651b2b000-7f6651b5a000 rw-p 00000000 00:00 0 
7f6651b5a000-7f6651b72000 r-xp 00000000 08:03 1315300                    /lib/x86_64-linux-gnu/libz.so.1.2.8
7f6651b72000-7f6651d71000 ---p 00018000 08:03 1315300                    /lib/x86_64-linux-gnu/libz.so.1.2.8
7f6651d71000-7f6651d72000 r--p 00017000 08:03 1315300                    /lib/x86_64-linux-gnu/libz.so.1.2.8
7f6651d72000-7f6651d73000 rw-p 00018000 08:03 1315300                    /lib/x86_64-linux-gnu/libz.so.1.2.8
7f6651d73000-7f6651d8c000 r-xp 00000000 08:03 1318290                    /lib/x86_64-linux-gnu/libpthread-2.19.so
7f6651d8c000-7f6651f8b000 ---p 00019000 08:03 1318290                    /lib/x86_64-linux-gnu/libpthread-2.19.so
7f6651f8b000-7f6651f8c000 r--p 00018000 08:03 1318290                    /lib/x86_64-linux-gnu/libpthread-2.19.so
7f6651f8c000-7f6651f8d000 rw-p 00019000 08:03 1318290                    /lib/x86_64-linux-gnu/libpthread-2.19.so
7f6651f8d000-7f6651f91000 rw-p 00000000 00:00 0 
7f6651f91000-7f6651f94000 r-xp 00000000 08:03 1318285                    /lib/x86_64-linux-gnu/libdl-2.19.so
7f6651f94000-7f6652193000 ---p 00003000 08:03 1318285                    /lib/x86_64-linux-gnu/libdl-2.19.so
7f6652193000-7f6652194000 r--p 00002000 08:03 1318285                    /lib/x86_64-linux-gnu/libdl-2.19.so
7f6652194000-7f6652195000 rw-p 00003000 08:03 1318285                    /lib/x86_64-linux-gnu/libdl-2.19.so
7f6652195000-7f6652350000 r-xp 00000000 08:03 1321059                    /lib/x86_64-linux-gnu/libc-2.19.so
7f6652350000-7f665254f000 ---p 001bb000 08:03 1321059                    /lib/x86_64-linux-gnu/libc-2.19.so
7f665254f000-7f6652553000 r--p 001ba000 08:03 1321059                    /lib/x86_64-linux-gnu/libc-2.19.so
7f6652553000-7f6652555000 rw-p 001be000 08:03 1321059                    /lib/x86_64-linux-gnu/libc-2.19.so
7f6652555000-7f665255a000 rw-p 00000000 00:00 0 
7f665255a000-7f6652567000 r-xp 00000000 08:03 3418236                    /usr/lib/jvm/java-7-openjdk-amd64/jre/lib/amd64/jli/libjli.so
7f6652567000-7f6652766000 ---p 0000d000 08:03 3418236                    /usr/lib/jvm/java-7-openjdk-amd64/jre/lib/amd64/jli/libjli.so
7f6652766000-7f6652767000 r--p 0000c000 08:03 3418236                    /usr/lib/jvm/java-7-openjdk-amd64/jre/lib/amd64/jli/libjli.so
7f6652767000-7f6652768000 rw-p 0000d000 08:03 3418236                    /usr/lib/jvm/java-7-openjdk-amd64/jre/lib/amd64/jli/libjli.so
7f6652768000-7f665278b000 r-xp 00000000 08:03 1318291                    /lib/x86_64-linux-gnu/ld-2.19.so
7f665278b000-7f66527af000 rw-p 00000000 00:00 0 
7f66527af000-7f6652864000 rw-p 00000000 00:00 0 
7f6652864000-7f6652867000 ---p 00000000 00:00 0 
7f6652867000-7f665296a000 rw-p 00000000 00:00 0 
7f665296a000-7f665296e000 r--s 0003c000 08:03 3418269                    /usr/lib/jvm/java-7-openjdk-amd64/jre/lib/ext/sunpkcs11.jar
7f665296e000-7f6652970000 r--s 00006000 08:03 3819988                    /usr/share/java/java-atk-wrapper.jar
7f6652970000-7f6652971000 r--s 00002000 08:03 3418264                    /usr/lib/jvm/java-7-openjdk-amd64/jre/lib/ext/dnsns.jar
7f6652971000-7f6652975000 r--s 00085000 08:03 3418268                    /usr/lib/jvm/java-7-openjdk-amd64/jre/lib/ext/localedata.jar
7f6652975000-7f6652978000 r--s 0000f000 08:03 3418267                    /usr/lib/jvm/java-7-openjdk-amd64/jre/lib/ext/icedtea-sound.jar
7f6652978000-7f665297c000 r--s 00034000 08:03 3418266                    /usr/lib/jvm/java-7-openjdk-amd64/jre/lib/ext/sunjce_provider.jar
7f665297c000-7f665297e000 r--s 00012000 08:03 3418265                    /usr/lib/jvm/java-7-openjdk-amd64/jre/lib/ext/zipfs.jar
7f665297e000-7f6652986000 rw-s 00000000 08:03 2112502                    /tmp/hsperfdata_codeyasam/18265
7f6652986000-7f6652987000 rw-p 00000000 00:00 0 
7f6652987000-7f6652988000 ---p 00000000 00:00 0 
7f6652988000-7f665298a000 rw-p 00000000 00:00 0 
7f665298a000-7f665298b000 r--p 00022000 08:03 1318291                    /lib/x86_64-linux-gnu/ld-2.19.so
7f665298b000-7f665298c000 rw-p 00023000 08:03 1318291                    /lib/x86_64-linux-gnu/ld-2.19.so
7f665298c000-7f665298d000 rw-p 00000000 00:00 0 
7ffc78bbd000-7ffc78bde000 rw-p 00000000 00:00 0                          [stack]
7ffc78be9000-7ffc78beb000 r--p 00000000 00:00 0                          [vvar]
7ffc78beb000-7ffc78bed000 r-xp 00000000 00:00 0                          [vdso]
ffffffffff600000-ffffffffff601000 r-xp 00000000 00:00 0                  [vsyscall]

VM Arguments:
jvm_args: -Djava.awt.headless=true -Xmx1024M -Dfile.encoding=UTF-8 -Duser.country=PH -Duser.language=en -Duser.variant 
java_command: com.android.dx.command.Main --dex --num-threads=4 --output /home/codeyasam/StudioProjects/Mappr/app/build/intermediates/pre-dexed/debug/com.google.android.gms-play-services-ads-8.4.0_a0c4e0e93a762e4f3610d4b24763fda20254ce30.jar /home/codeyasam/StudioProjects/Mappr/app/build/intermediates/exploded-aar/com.google.android.gms/play-services-ads/8.4.0/jars/classes.jar
Launcher Type: SUN_STANDARD

Environment Variables:
JAVA_HOME=/usr/lib/jvm/java-7-openjdk-amd64
PATH=/usr/local/sbin:/usr/local/bin:/usr/sbin:/usr/bin:/sbin:/bin:/usr/games:/usr/local/games
SHELL=/bin/bash
DISPLAY=:0

Signal Handlers:
SIGSEGV: [libjvm.so+0x9561e0], sa_mask[0]=0x7ffbfeff, sa_flags=0x10000004
SIGBUS: [libjvm.so+0x9561e0], sa_mask[0]=0x7ffbfeff, sa_flags=0x10000004
SIGFPE: [libjvm.so+0x7cc4d0], sa_mask[0]=0x7ffbfeff, sa_flags=0x10000004
SIGPIPE: [libjvm.so+0x7cc4d0], sa_mask[0]=0x7ffbfeff, sa_flags=0x10000004
SIGXFSZ: [libjvm.so+0x7cc4d0], sa_mask[0]=0x7ffbfeff, sa_flags=0x10000004
SIGILL: [libjvm.so+0x7cc4d0], sa_mask[0]=0x7ffbfeff, sa_flags=0x10000004
SIGUSR1: SIG_DFL, sa_mask[0]=0x00000000, sa_flags=0x00000000
SIGUSR2: [libjvm.so+0x7cc370], sa_mask[0]=0x00000004, sa_flags=0x10000004
SIGHUP: [libjvm.so+0x7cc550], sa_mask[0]=0x7ffbfeff, sa_flags=0x10000004
SIGINT: [libjvm.so+0x7cc550], sa_mask[0]=0x7ffbfeff, sa_flags=0x10000004
SIGTERM: [libjvm.so+0x7cc550], sa_mask[0]=0x7ffbfeff, sa_flags=0x10000004
SIGQUIT: [libjvm.so+0x7cc550], sa_mask[0]=0x7ffbfeff, sa_flags=0x10000004
SIGTRAP: SIG_DFL, sa_mask[0]=0x00000000, sa_flags=0x00000000


---------------  S Y S T E M  ---------------

OS:Ubuntu 14.04 (trusty)
uname:Linux 3.19.0-59-generic #65~14.04.1-Ubuntu SMP Tue Apr 19 18:57:09 UTC 2016 x86_64
libc:glibc 2.19 NPTL 2.19 
rlimit: STACK 8192k, CORE 0k, NPROC 15691, NOFILE 4096, AS infinity
load average:14.65 5.25 2.29

/proc/meminfo:
MemTotal:        4038356 kB
MemFree:          468588 kB
MemAvailable:     425848 kB
Buffers:            2268 kB
Cached:            51088 kB
SwapCached:        13816 kB
Active:          2464148 kB
Inactive:         943436 kB
Active(anon):    2444268 kB
Inactive(anon):   922216 kB
Active(file):      19880 kB
Inactive(file):    21220 kB
Unevictable:          64 kB
Mlocked:              64 kB
SwapTotal:        488276 kB
SwapFree:            188 kB
Dirty:               836 kB
Writeback:             0 kB
AnonPages:       3340552 kB
Mapped:            36524 kB
Shmem:             12180 kB
Slab:              74924 kB
SReclaimable:      42352 kB
SUnreclaim:        32572 kB
KernelStack:        9728 kB
PageTables:        39576 kB
NFS_Unstable:          0 kB
Bounce:                0 kB
WritebackTmp:          0 kB
CommitLimit:     2507452 kB
Committed_AS:    7418720 kB
VmallocTotal:   34359738367 kB
VmallocUsed:      109132 kB
VmallocChunk:   34359537120 kB
HardwareCorrupted:     0 kB
AnonHugePages:   1402880 kB
CmaTotal:              0 kB
CmaFree:               0 kB
HugePages_Total:       0
HugePages_Free:        0
HugePages_Rsvd:        0
HugePages_Surp:        0
Hugepagesize:       2048 kB
DirectMap4k:      112448 kB
DirectMap2M:     4073472 kB


CPU:total 4 (4 cores per cpu, 1 threads per core) family 6 model 30 stepping 5, cmov, cx8, fxsr, mmx, sse, sse2, sse3, ssse3, sse4.1, sse4.2, popcnt, tsc, tscinvbit

/proc/cpuinfo:
processor	: 0
vendor_id	: GenuineIntel
cpu family	: 6
model		: 30
model name	: Intel(R) Core(TM) i5 CPU         750  @ 2.67GHz
stepping	: 5
microcode	: 0x4
cpu MHz		: 2661.000
cache size	: 8192 KB
physical id	: 0
siblings	: 4
core id		: 0
cpu cores	: 4
apicid		: 0
initial apicid	: 0
fpu		: yes
fpu_exception	: yes
cpuid level	: 11
wp		: yes
flags		: fpu vme de pse tsc msr pae mce cx8 apic sep mtrr pge mca cmov pat pse36 clflush dts acpi mmx fxsr sse sse2 ss ht tm pbe syscall nx rdtscp lm constant_tsc arch_perfmon pebs bts rep_good nopl xtopology nonstop_tsc aperfmperf pni dtes64 monitor ds_cpl vmx smx est tm2 ssse3 cx16 xtpr pdcm sse4_1 sse4_2 popcnt lahf_lm ida dtherm tpr_shadow vnmi flexpriority ept vpid
bugs		:
bogomips	: 5329.70
clflush size	: 64
cache_alignment	: 64
address sizes	: 36 bits physical, 48 bits virtual
power management:

processor	: 1
vendor_id	: GenuineIntel
cpu family	: 6
model		: 30
model name	: Intel(R) Core(TM) i5 CPU         750  @ 2.67GHz
stepping	: 5
microcode	: 0x4
cpu MHz		: 2661.000
cache size	: 8192 KB
physical id	: 0
siblings	: 4
core id		: 1
cpu cores	: 4
apicid		: 2
initial apicid	: 2
fpu		: yes
fpu_exception	: yes
cpuid level	: 11
wp		: yes
flags		: fpu vme de pse tsc msr pae mce cx8 apic sep mtrr pge mca cmov pat pse36 clflush dts acpi mmx fxsr sse sse2 ss ht tm pbe syscall nx rdtscp lm constant_tsc arch_perfmon pebs bts rep_good nopl xtopology nonstop_tsc aperfmperf pni dtes64 monitor ds_cpl vmx smx est tm2 ssse3 cx16 xtpr pdcm sse4_1 sse4_2 popcnt lahf_lm ida dtherm tpr_shadow vnmi flexpriority ept vpid
bugs		:
bogomips	: 5329.70
clflush size	: 64
cache_alignment	: 64
address sizes	: 36 bits physical, 48 bits virtual
power management:

processor	: 2
vendor_id	: GenuineIntel
cpu family	: 6
model		: 30
model name	: Intel(R) Core(TM) i5 CPU         750  @ 2.67GHz
stepping	: 5
microcode	: 0x4
cpu MHz		: 2661.000
cache size	: 8192 KB
physical id	: 0
siblings	: 4
core id		: 2
cpu cores	: 4
apicid		: 4
initial apicid	: 4
fpu		: yes
fpu_exception	: yes
cpuid level	: 11
wp		: yes
flags		: fpu vme de pse tsc msr pae mce cx8 apic sep mtrr pge mca cmov pat pse36 clflush dts acpi mmx fxsr sse sse2 ss ht tm pbe syscall nx rdtscp lm constant_tsc arch_perfmon pebs bts rep_good nopl xtopology nonstop_tsc aperfmperf pni dtes64 monitor ds_cpl vmx smx est tm2 ssse3 cx16 xtpr pdcm sse4_1 sse4_2 popcnt lahf_lm ida dtherm tpr_shadow vnmi flexpriority ept vpid
bugs		:
bogomips	: 5329.70
clflush size	: 64
cache_alignment	: 64
address sizes	: 36 bits physical, 48 bits virtual
power management:

processor	: 3
vendor_id	: GenuineIntel
cpu family	: 6
model		: 30
model name	: Intel(R) Core(TM) i5 CPU         750  @ 2.67GHz
stepping	: 5
microcode	: 0x4
cpu MHz		: 2661.000
cache size	: 8192 KB
physical id	: 0
siblings	: 4
core id		: 3
cpu cores	: 4
apicid		: 6
initial apicid	: 6
fpu		: yes
fpu_exception	: yes
cpuid level	: 11
wp		: yes
flags		: fpu vme de pse tsc msr pae mce cx8 apic sep mtrr pge mca cmov pat pse36 clflush dts acpi mmx fxsr sse sse2 ss ht tm pbe syscall nx rdtscp lm constant_tsc arch_perfmon pebs bts rep_good nopl xtopology nonstop_tsc aperfmperf pni dtes64 monitor ds_cpl vmx smx est tm2 ssse3 cx16 xtpr pdcm sse4_1 sse4_2 popcnt lahf_lm ida dtherm tpr_shadow vnmi flexpriority ept vpid
bugs		:
bogomips	: 5329.70
clflush size	: 64
cache_alignment	: 64
address sizes	: 36 bits physical, 48 bits virtual
power management:



Memory: 4k page, physical 4038356k(468588k free), swap 488276k(188k free)

vm_info: OpenJDK 64-Bit Server VM (24.95-b01) for linux-amd64 JRE (1.7.0_101-b00), built on Apr 24 2016 20:39:29 by "buildd" with gcc 4.8.2

time: Mon May 16 01:04:28 2016
elapsed time: 28 seconds

