#
# There is insufficient memory for the Java Runtime Environment to continue.
# Native memory allocation (malloc) failed to allocate 134217728 bytes for committing reserved memory.
# Possible reasons:
#   The system is out of physical RAM or swap space
#   In 32 bit mode, the process size limit was hit
# Possible solutions:
#   Reduce memory load on the system
#   Increase physical memory or swap space
#   Check if swap backing store is full
#   Use 64 bit Java on a 64 bit OS
#   Decrease Java heap size (-Xmx/-Xms)
#   Decrease number of Java threads
#   Decrease Java thread stack sizes (-Xss)
#   Set larger code cache with -XX:ReservedCodeCacheSize=
# This output file may be truncated or incomplete.
#
#  Out of Memory Error (os_linux.cpp:2827), pid=11901, tid=140534825285376
#
# JRE version: OpenJDK Runtime Environment (7.0_101) (build 1.7.0_101-b00)
# Java VM: OpenJDK 64-Bit Server VM (24.95-b01 mixed mode linux-amd64 compressed oops)
# Derivative: IcedTea 2.6.6
# Distribution: Ubuntu 14.04 LTS, package 7u101-2.6.6-0ubuntu0.14.04.1
# Failed to write core dump. Core dumps have been disabled. To enable core dumping, try "ulimit -c unlimited" before starting Java again
#

---------------  T H R E A D  ---------------

Current thread (0x00007fd0cc075800):  VMThread [stack: 0x00007fd0d046f000,0x00007fd0d0570000] [id=11911]

Stack: [0x00007fd0d046f000,0x00007fd0d0570000],  sp=0x00007fd0d056e490,  free space=1021k
Native frames: (J=compiled Java code, j=interpreted, Vv=VM code, C=native code)
V  [libjvm.so+0x955705]
V  [libjvm.so+0x490c44]
V  [libjvm.so+0x7d0c9b]
V  [libjvm.so+0x7cb75f]
V  [libjvm.so+0x83ee5b]
V  [libjvm.so+0x83fcc0]
V  [libjvm.so+0x8403ab]
V  [libjvm.so+0x83c5e8]
V  [libjvm.so+0x83ce58]
V  [libjvm.so+0x7f34a3]
V  [libjvm.so+0x957104]
V  [libjvm.so+0x95b207]
V  [libjvm.so+0x959cc8]
V  [libjvm.so+0x95a129]
V  [libjvm.so+0x95a572]
V  [libjvm.so+0x7cdb62]

VM_Operation (0x00007fd0c4939fd0): ParallelGCFailedAllocation, mode: safepoint, requested by thread 0x00007fd0cc193000


---------------  P R O C E S S  ---------------

Java Threads: ( => current thread )
  0x00007fd0cc1a8000 JavaThread "pool-1-thread-4" [_thread_blocked, id=11924, stack(0x00007fd0c4437000,0x00007fd0c4538000)]
  0x00007fd0cc1a6000 JavaThread "pool-1-thread-3" [_thread_blocked, id=11923, stack(0x00007fd0c4538000,0x00007fd0c4639000)]
  0x00007fd0cc1a5000 JavaThread "pool-1-thread-2" [_thread_blocked, id=11922, stack(0x00007fd0c4639000,0x00007fd0c473a000)]
  0x00007fd0cc196000 JavaThread "pool-2-thread-1" [_thread_blocked, id=11921, stack(0x00007fd0c473a000,0x00007fd0c483b000)]
  0x00007fd0cc193000 JavaThread "pool-1-thread-1" [_thread_blocked, id=11920, stack(0x00007fd0c483b000,0x00007fd0c493c000)]
  0x00007fd0cc0b0000 JavaThread "Service Thread" daemon [_thread_blocked, id=11918, stack(0x00007fd0c61ec000,0x00007fd0c62ed000)]
  0x00007fd0cc0ae000 JavaThread "C2 CompilerThread1" daemon [_thread_blocked, id=11917, stack(0x00007fd0c62ed000,0x00007fd0c63ee000)]
  0x00007fd0cc0ab000 JavaThread "C2 CompilerThread0" daemon [_thread_blocked, id=11916, stack(0x00007fd0d006b000,0x00007fd0d016c000)]
  0x00007fd0cc0a9000 JavaThread "Signal Dispatcher" daemon [_thread_blocked, id=11914, stack(0x00007fd0d016c000,0x00007fd0d026d000)]
  0x00007fd0cc07c000 JavaThread "Finalizer" daemon [_thread_blocked, id=11913, stack(0x00007fd0d026d000,0x00007fd0d036e000)]
  0x00007fd0cc07a000 JavaThread "Reference Handler" daemon [_thread_blocked, id=11912, stack(0x00007fd0d036e000,0x00007fd0d046f000)]
  0x00007fd0cc00a800 JavaThread "main" [_thread_blocked, id=11906, stack(0x00007fd0d5634000,0x00007fd0d5735000)]

Other Threads:
=>0x00007fd0cc075800 VMThread [stack: 0x00007fd0d046f000,0x00007fd0d0570000] [id=11911]
  0x00007fd0cc0bb000 WatcherThread [stack: 0x00007fd0c60eb000,0x00007fd0c61ec000] [id=11919]

VM state:at safepoint (normal execution)

VM Mutex/Monitor currently owned by a thread:  ([mutex/lock_event])
[0x00007fd0cc0069d0] Threads_lock - owner thread: 0x00007fd0cc075800
[0x00007fd0cc006ed0] Heap_lock - owner thread: 0x00007fd0cc193000

Heap
 PSYoungGen      total 140288K, used 21994K [0x00000000eaa80000, 0x00000000f4f80000, 0x0000000100000000)
  eden space 118272K, 0% used [0x00000000eaa80000,0x00000000eaa80000,0x00000000f1e00000)
  from space 22016K, 99% used [0x00000000f1e00000,0x00000000f337a938,0x00000000f3380000)
  to   space 15360K, 0% used [0x00000000f3380000,0x00000000f3380000,0x00000000f4280000)
 ParOldGen       total 98304K, used 98115K [0x00000000c0000000, 0x00000000c6000000, 0x00000000eaa80000)
  object space 98304K, 99% used [0x00000000c0000000,0x00000000c5fd0d20,0x00000000c6000000)
 PSPermGen       total 21504K, used 6378K [0x00000000b5a00000, 0x00000000b6f00000, 0x00000000c0000000)
  object space 21504K, 29% used [0x00000000b5a00000,0x00000000b603a808,0x00000000b6f00000)

Card table byte_map: [0x00007fd0d2018000,0x00007fd0d226c000] byte_map_base: 0x00007fd0d1a6b000

Polling page: 0x00007fd0d5757000

Code Cache  [0x00007fd0c9000000, 0x00007fd0c9270000, 0x00007fd0cc000000)
 total_blobs=608 nmethods=378 adapters=184 free_code_cache=47476Kb largest_free_block=48583104

Compilation events (10 events):
Event: 29.160 Thread 0x00007fd0cc0ae000 nmethod 379 0x00007fd0c91821d0 code [0x00007fd0c9182320, 0x00007fd0c91823b8]
Event: 29.160 Thread 0x00007fd0cc0ae000  380             com.android.dx.cf.code.BaseMachine::getAuxCst (5 bytes)
Event: 29.161 Thread 0x00007fd0cc0ae000 nmethod 380 0x00007fd0c918b450 code [0x00007fd0c918b580, 0x00007fd0c918b5d8]
Event: 29.161 Thread 0x00007fd0cc0ae000  381             com.android.dx.rop.code.Insn::getLocalAssignment (48 bytes)
Event: 29.161 Thread 0x00007fd0cc0ae000 nmethod 381 0x00007fd0c9181f50 code [0x00007fd0c91820a0, 0x00007fd0c9182138]
Event: 29.161 Thread 0x00007fd0cc0ae000  382             com.android.dx.dex.code.RopTranslator$LocalVariableAwareTranslationVisitor::addIntroductionIfNecessary (30 bytes)
Event: 29.205 Thread 0x00007fd0cc0ae000 nmethod 382 0x00007fd0c91863d0 code [0x00007fd0c9186580, 0x00007fd0c9186908]
Event: 29.205 Thread 0x00007fd0cc0ae000  383             com.android.dx.rop.code.LocalVariableInfo::getAssignment (12 bytes)
Event: 29.221 Thread 0x00007fd0cc0ae000 nmethod 383 0x00007fd0c9181890 code [0x00007fd0c9181a00, 0x00007fd0c9181c18]
Event: 29.222 Thread 0x00007fd0cc0ae000  384             com.android.dx.ssa.DeadCodeRemover::run (194 bytes)

GC Heap History (10 events):
Event: 3.356 GC heap after
Heap after GC invocations=4 (full 0):
 PSYoungGen      total 34304K, used 2528K [0x00000000eaa80000, 0x00000000ece80000, 0x0000000100000000)
  eden space 31744K, 0% used [0x00000000eaa80000,0x00000000eaa80000,0x00000000ec980000)
  from space 2560K, 98% used [0x00000000ecc00000,0x00000000ece78028,0x00000000ece80000)
  to   space 2560K, 0% used [0x00000000ec980000,0x00000000ec980000,0x00000000ecc00000)
 ParOldGen       total 41984K, used 5619K [0x00000000c0000000, 0x00000000c2900000, 0x00000000eaa80000)
  object space 41984K, 13% used [0x00000000c0000000,0x00000000c057cc60,0x00000000c2900000)
 PSPermGen       total 21504K, used 6215K [0x00000000b5a00000, 0x00000000b6f00000, 0x00000000c0000000)
  object space 21504K, 28% used [0x00000000b5a00000,0x00000000b6011d98,0x00000000b6f00000)
}
Event: 4.846 GC heap before
{Heap before GC invocations=5 (full 0):
 PSYoungGen      total 34304K, used 34272K [0x00000000eaa80000, 0x00000000ece80000, 0x0000000100000000)
  eden space 31744K, 100% used [0x00000000eaa80000,0x00000000ec980000,0x00000000ec980000)
  from space 2560K, 98% used [0x00000000ecc00000,0x00000000ece78028,0x00000000ece80000)
  to   space 2560K, 0% used [0x00000000ec980000,0x00000000ec980000,0x00000000ecc00000)
 ParOldGen       total 41984K, used 5619K [0x00000000c0000000, 0x00000000c2900000, 0x00000000eaa80000)
  object space 41984K, 13% used [0x00000000c0000000,0x00000000c057cc60,0x00000000c2900000)
 PSPermGen       total 21504K, used 6266K [0x00000000b5a00000, 0x00000000b6f00000, 0x00000000c0000000)
  object space 21504K, 29% used [0x00000000b5a00000,0x00000000b601eb00,0x00000000b6f00000)
Event: 4.879 GC heap after
Heap after GC invocations=5 (full 0):
 PSYoungGen      total 34304K, used 2528K [0x00000000eaa80000, 0x00000000efa80000, 0x0000000100000000)
  eden space 31744K, 0% used [0x00000000eaa80000,0x00000000eaa80000,0x00000000ec980000)
  from space 2560K, 98% used [0x00000000ec980000,0x00000000ecbf8028,0x00000000ecc00000)
  to   space 9216K, 0% used [0x00000000ef180000,0x00000000ef180000,0x00000000efa80000)
 ParOldGen       total 41984K, used 10368K [0x00000000c0000000, 0x00000000c2900000, 0x00000000eaa80000)
  object space 41984K, 24% used [0x00000000c0000000,0x00000000c0a20190,0x00000000c2900000)
 PSPermGen       total 21504K, used 6266K [0x00000000b5a00000, 0x00000000b6f00000, 0x00000000c0000000)
  object space 21504K, 29% used [0x00000000b5a00000,0x00000000b601eb00,0x00000000b6f00000)
}
Event: 6.103 GC heap before
{Heap before GC invocations=6 (full 0):
 PSYoungGen      total 34304K, used 34272K [0x00000000eaa80000, 0x00000000efa80000, 0x0000000100000000)
  eden space 31744K, 100% used [0x00000000eaa80000,0x00000000ec980000,0x00000000ec980000)
  from space 2560K, 98% used [0x00000000ec980000,0x00000000ecbf8028,0x00000000ecc00000)
  to   space 9216K, 0% used [0x00000000ef180000,0x00000000ef180000,0x00000000efa80000)
 ParOldGen       total 41984K, used 10368K [0x00000000c0000000, 0x00000000c2900000, 0x00000000eaa80000)
  object space 41984K, 24% used [0x00000000c0000000,0x00000000c0a20190,0x00000000c2900000)
 PSPermGen       total 21504K, used 6300K [0x00000000b5a00000, 0x00000000b6f00000, 0x00000000c0000000)
  object space 21504K, 29% used [0x00000000b5a00000,0x00000000b6027298,0x00000000b6f00000)
Event: 6.144 GC heap after
Heap after GC invocations=6 (full 0):
 PSYoungGen      total 71680K, used 7808K [0x00000000eaa80000, 0x00000000efc80000, 0x0000000100000000)
  eden space 62464K, 0% used [0x00000000eaa80000,0x00000000eaa80000,0x00000000ee780000)
  from space 9216K, 84% used [0x00000000ef180000,0x00000000ef920028,0x00000000efa80000)
  to   space 10240K, 0% used [0x00000000ee780000,0x00000000ee780000,0x00000000ef180000)
 ParOldGen       total 41984K, used 10368K [0x00000000c0000000, 0x00000000c2900000, 0x00000000eaa80000)
  object space 41984K, 24% used [0x00000000c0000000,0x00000000c0a20190,0x00000000c2900000)
 PSPermGen       total 21504K, used 6300K [0x00000000b5a00000, 0x00000000b6f00000, 0x00000000c0000000)
  object space 21504K, 29% used [0x00000000b5a00000,0x00000000b6027298,0x00000000b6f00000)
}
Event: 8.160 GC heap before
{Heap before GC invocations=7 (full 0):
 PSYoungGen      total 71680K, used 70272K [0x00000000eaa80000, 0x00000000efc80000, 0x0000000100000000)
  eden space 62464K, 100% used [0x00000000eaa80000,0x00000000ee780000,0x00000000ee780000)
  from space 9216K, 84% used [0x00000000ef180000,0x00000000ef920028,0x00000000efa80000)
  to   space 10240K, 0% used [0x00000000ee780000,0x00000000ee780000,0x00000000ef180000)
 ParOldGen       total 41984K, used 10368K [0x00000000c0000000, 0x00000000c2900000, 0x00000000eaa80000)
  object space 41984K, 24% used [0x00000000c0000000,0x00000000c0a20190,0x00000000c2900000)
 PSPermGen       total 21504K, used 6357K [0x00000000b5a00000, 0x00000000b6f00000, 0x00000000c0000000)
  object space 21504K, 29% used [0x00000000b5a00000,0x00000000b6035748,0x00000000b6f00000)
Event: 23.146 GC heap after
Heap after GC invocations=7 (full 0):
 PSYoungGen      total 72704K, used 10208K [0x00000000eaa80000, 0x00000000f4280000, 0x0000000100000000)
  eden space 62464K, 0% used [0x00000000eaa80000,0x00000000eaa80000,0x00000000ee780000)
  from space 10240K, 99% used [0x00000000ee780000,0x00000000ef178010,0x00000000ef180000)
  to   space 15360K, 0% used [0x00000000f3380000,0x00000000f3380000,0x00000000f4280000)
 ParOldGen       total 41984K, used 16275K [0x00000000c0000000, 0x00000000c2900000, 0x00000000eaa80000)
  object space 41984K, 38% used [0x00000000c0000000,0x00000000c0fe4f08,0x00000000c2900000)
 PSPermGen       total 21504K, used 6357K [0x00000000b5a00000, 0x00000000b6f00000, 0x00000000c0000000)
  object space 21504K, 29% used [0x00000000b5a00000,0x00000000b6035748,0x00000000b6f00000)
}
Event: 25.272 GC heap before
{Heap before GC invocations=8 (full 0):
 PSYoungGen      total 72704K, used 72672K [0x00000000eaa80000, 0x00000000f4280000, 0x0000000100000000)
  eden space 62464K, 100% used [0x00000000eaa80000,0x00000000ee780000,0x00000000ee780000)
  from space 10240K, 99% used [0x00000000ee780000,0x00000000ef178010,0x00000000ef180000)
  to   space 15360K, 0% used [0x00000000f3380000,0x00000000f3380000,0x00000000f4280000)
 ParOldGen       total 41984K, used 16275K [0x00000000c0000000, 0x00000000c2900000, 0x00000000eaa80000)
  object space 41984K, 38% used [0x00000000c0000000,0x00000000c0fe4f08,0x00000000c2900000)
 PSPermGen       total 21504K, used 6374K [0x00000000b5a00000, 0x00000000b6f00000, 0x00000000c0000000)
  object space 21504K, 29% used [0x00000000b5a00000,0x00000000b6039860,0x00000000b6f00000)
Event: 25.405 GC heap after
Heap after GC invocations=8 (full 0):
 PSYoungGen      total 133632K, used 15358K [0x00000000eaa80000, 0x00000000f4f80000, 0x0000000100000000)
  eden space 118272K, 0% used [0x00000000eaa80000,0x00000000eaa80000,0x00000000f1e00000)
  from space 15360K, 99% used [0x00000000f3380000,0x00000000f427fb40,0x00000000f4280000)
  to   space 22016K, 0% used [0x00000000f1e00000,0x00000000f1e00000,0x00000000f3380000)
 ParOldGen       total 41984K, used 24529K [0x00000000c0000000, 0x00000000c2900000, 0x00000000eaa80000)
  object space 41984K, 58% used [0x00000000c0000000,0x00000000c17f4740,0x00000000c2900000)
 PSPermGen       total 21504K, used 6374K [0x00000000b5a00000, 0x00000000b6f00000, 0x00000000c0000000)
  object space 21504K, 29% used [0x00000000b5a00000,0x00000000b6039860,0x00000000b6f00000)
}
Event: 29.236 GC heap before
{Heap before GC invocations=9 (full 0):
 PSYoungGen      total 133632K, used 133630K [0x00000000eaa80000, 0x00000000f4f80000, 0x0000000100000000)
  eden space 118272K, 100% used [0x00000000eaa80000,0x00000000f1e00000,0x00000000f1e00000)
  from space 15360K, 99% used [0x00000000f3380000,0x00000000f427fb40,0x00000000f4280000)
  to   space 22016K, 0% used [0x00000000f1e00000,0x00000000f1e00000,0x00000000f3380000)
 ParOldGen       total 41984K, used 24529K [0x00000000c0000000, 0x00000000c2900000, 0x00000000eaa80000)
  object space 41984K, 58% used [0x00000000c0000000,0x00000000c17f4740,0x00000000c2900000)
 PSPermGen       total 21504K, used 6378K [0x00000000b5a00000, 0x00000000b6f00000, 0x00000000c0000000)
  object space 21504K, 29% used [0x00000000b5a00000,0x00000000b603a808,0x00000000b6f00000)

Deoptimization events (10 events):
Event: 2.258 Thread 0x00007fd0cc00a800 Uncommon trap: reason=class_check action=maybe_recompile pc=0x00007fd0c907a4f4 method=com.android.dx.ssa.NormalSsaInsn.accept(Lcom/android/dx/ssa/SsaInsn$Visitor;)V @ 9
Event: 2.452 Thread 0x00007fd0cc1a5000 Uncommon trap: reason=class_check action=maybe_recompile pc=0x00007fd0c907a4f4 method=com.android.dx.ssa.NormalSsaInsn.accept(Lcom/android/dx/ssa/SsaInsn$Visitor;)V @ 9
Event: 2.516 Thread 0x00007fd0cc1a5000 Uncommon trap: reason=class_check action=maybe_recompile pc=0x00007fd0c909f04c method=com.android.dx.ssa.NormalSsaInsn.accept(Lcom/android/dx/ssa/SsaInsn$Visitor;)V @ 9
Event: 3.472 Thread 0x00007fd0cc00a800 Uncommon trap: reason=unstable_if action=reinterpret pc=0x00007fd0c90982f4 method=com.android.dx.util.IntList.binarysearch(I)I @ 105
Event: 6.161 Thread 0x00007fd0cc00a800 Uncommon trap: reason=class_check action=maybe_recompile pc=0x00007fd0c90dedd4 method=com.android.dx.ssa.SCCP.simulateBranch(Lcom/android/dx/ssa/SsaInsn;)V @ 145
Event: 6.254 Thread 0x00007fd0cc00a800 Uncommon trap: reason=class_check action=maybe_recompile pc=0x00007fd0c90dedd4 method=com.android.dx.ssa.SCCP.simulateBranch(Lcom/android/dx/ssa/SsaInsn;)V @ 145
Event: 6.434 Thread 0x00007fd0cc00a800 Uncommon trap: reason=null_check action=make_not_entrant pc=0x00007fd0c90e743c method=com.android.dx.rop.type.Type.putIntern(Lcom/android/dx/rop/type/Type;)Lcom/android/dx/rop/type/Type; @ 18
Event: 6.831 Thread 0x00007fd0cc1a6000 Uncommon trap: reason=class_check action=maybe_recompile pc=0x00007fd0c90dedd4 method=com.android.dx.ssa.SCCP.simulateBranch(Lcom/android/dx/ssa/SsaInsn;)V @ 145
Event: 23.558 Thread 0x00007fd0cc1a8000 Uncommon trap: reason=class_check action=maybe_recompile pc=0x00007fd0c90dedd4 method=com.android.dx.ssa.SCCP.simulateBranch(Lcom/android/dx/ssa/SsaInsn;)V @ 145
Event: 24.883 Thread 0x00007fd0cc1a6000 Uncommon trap: reason=unstable_if action=reinterpret pc=0x00007fd0c91362a4 method=com.android.dx.cf.code.Ropper.isSynchronized()Z @ 12

Internal exceptions (10 events):
Event: 2.333 Thread 0x00007fd0cc00a800 Threw 0x00000000eb4201f0 at /build/openjdk-7-9duhBW/openjdk-7-7u101-2.6.6/build/openjdk/hotspot/src/share/vm/prims/jvm.cpp:1322
Event: 2.443 Thread 0x00007fd0cc00a800 Threw 0x00000000eb66a2f8 at /build/openjdk-7-9duhBW/openjdk-7-7u101-2.6.6/build/openjdk/hotspot/src/share/vm/prims/jvm.cpp:1322
Event: 2.443 Thread 0x00007fd0cc00a800 Threw 0x00000000eb66d308 at /build/openjdk-7-9duhBW/openjdk-7-7u101-2.6.6/build/openjdk/hotspot/src/share/vm/prims/jvm.cpp:1322
Event: 2.758 Thread 0x00007fd0cc1a5000 Threw 0x00000000eae36ae8 at /build/openjdk-7-9duhBW/openjdk-7-7u101-2.6.6/build/openjdk/hotspot/src/share/vm/prims/jvm.cpp:1322
Event: 2.758 Thread 0x00007fd0cc1a5000 Threw 0x00000000eae3cb80 at /build/openjdk-7-9duhBW/openjdk-7-7u101-2.6.6/build/openjdk/hotspot/src/share/vm/prims/jvm.cpp:1322
Event: 2.759 Thread 0x00007fd0cc1a5000 Threw 0x00000000eae42a70 at /build/openjdk-7-9duhBW/openjdk-7-7u101-2.6.6/build/openjdk/hotspot/src/share/vm/prims/jvm.cpp:1322
Event: 4.587 Thread 0x00007fd0cc00a800 Threw 0x00000000ec374458 at /build/openjdk-7-9duhBW/openjdk-7-7u101-2.6.6/build/openjdk/hotspot/src/share/vm/prims/jvm.cpp:1322
Event: 5.327 Thread 0x00007fd0cc1a8000 Threw 0x00000000eb630f40 at /build/openjdk-7-9duhBW/openjdk-7-7u101-2.6.6/build/openjdk/hotspot/src/share/vm/prims/jvm.cpp:1322
Event: 5.545 Thread 0x00007fd0cc193000 Threw 0x00000000ebb8b810 at /build/openjdk-7-9duhBW/openjdk-7-7u101-2.6.6/build/openjdk/hotspot/src/share/vm/prims/jvm.cpp:1322
Event: 6.434 Thread 0x00007fd0cc00a800 Implicit null exception at 0x00007fd0c90e6d4b to 0x00007fd0c90e742d

Events (10 events):
Event: 23.558 Thread 0x00007fd0cc1a8000 DEOPT PACKING pc=0x00007fd0c90dedd4 sp=0x00007fd0c4536050
Event: 23.558 Thread 0x00007fd0cc1a8000 DEOPT UNPACKING pc=0x00007fd0c9039045 sp=0x00007fd0c4536028 mode 2
Event: 24.883 Thread 0x00007fd0cc1a6000 Uncommon trap: trap_request=0xffffff75 fr.pc=0x00007fd0c91362a4
Event: 24.883 Thread 0x00007fd0cc1a6000 DEOPT PACKING pc=0x00007fd0c91362a4 sp=0x00007fd0c4637290
Event: 24.883 Thread 0x00007fd0cc1a6000 DEOPT UNPACKING pc=0x00007fd0c9039045 sp=0x00007fd0c4637208 mode 2
Event: 25.253 Executing VM operation: ParallelGCFailedAllocation
Event: 25.405 Executing VM operation: ParallelGCFailedAllocation done
Event: 27.681 Thread 0x00007fd0cc0ab000 flushing nmethod 0x00007fd0c9098050
Event: 28.947 Thread 0x00007fd0cc0ab000 flushing nmethod 0x00007fd0c90e6510
Event: 29.231 Executing VM operation: ParallelGCFailedAllocation


Dynamic libraries:
00400000-00401000 r-xp 00000000 08:03 3418195                            /usr/lib/jvm/java-7-openjdk-amd64/jre/bin/java
00600000-00601000 r--p 00000000 08:03 3418195                            /usr/lib/jvm/java-7-openjdk-amd64/jre/bin/java
00601000-00602000 rw-p 00001000 08:03 3418195                            /usr/lib/jvm/java-7-openjdk-amd64/jre/bin/java
02409000-0242a000 rw-p 00000000 00:00 0                                  [heap]
b5a00000-b6f00000 rw-p 00000000 00:00 0 
b6f00000-c0000000 rw-p 00000000 00:00 0 
c0000000-c6000000 rw-p 00000000 00:00 0 
c6000000-eaa80000 rw-p 00000000 00:00 0 
eaa80000-f4f80000 rw-p 00000000 00:00 0 
fcf80000-100000000 rw-p 00000000 00:00 0 
7fd080000000-7fd080027000 rw-p 00000000 00:00 0 
7fd080027000-7fd084000000 ---p 00000000 00:00 0 
7fd084000000-7fd084041000 rw-p 00000000 00:00 0 
7fd084041000-7fd088000000 ---p 00000000 00:00 0 
7fd088000000-7fd088021000 rw-p 00000000 00:00 0 
7fd088021000-7fd08c000000 ---p 00000000 00:00 0 
7fd08c000000-7fd08c021000 rw-p 00000000 00:00 0 
7fd08c021000-7fd090000000 ---p 00000000 00:00 0 
7fd090000000-7fd090021000 rw-p 00000000 00:00 0 
7fd090021000-7fd094000000 ---p 00000000 00:00 0 
7fd094000000-7fd09402a000 rw-p 00000000 00:00 0 
7fd09402a000-7fd098000000 ---p 00000000 00:00 0 
7fd098000000-7fd0999b4000 rw-p 00000000 00:00 0 
7fd0999b4000-7fd09c000000 ---p 00000000 00:00 0 
7fd09c000000-7fd09c021000 rw-p 00000000 00:00 0 
7fd09c021000-7fd0a0000000 ---p 00000000 00:00 0 
7fd0a0000000-7fd0a0021000 rw-p 00000000 00:00 0 
7fd0a0021000-7fd0a4000000 ---p 00000000 00:00 0 
7fd0a4000000-7fd0a5141000 rw-p 00000000 00:00 0 
7fd0a5141000-7fd0a8000000 ---p 00000000 00:00 0 
7fd0a8000000-7fd0a8021000 rw-p 00000000 00:00 0 
7fd0a8021000-7fd0ac000000 ---p 00000000 00:00 0 
7fd0ac000000-7fd0ac021000 rw-p 00000000 00:00 0 
7fd0ac021000-7fd0b0000000 ---p 00000000 00:00 0 
7fd0b0000000-7fd0b0021000 rw-p 00000000 00:00 0 
7fd0b0021000-7fd0b4000000 ---p 00000000 00:00 0 
7fd0b4000000-7fd0b4021000 rw-p 00000000 00:00 0 
7fd0b4021000-7fd0b8000000 ---p 00000000 00:00 0 
7fd0b8000000-7fd0b8021000 rw-p 00000000 00:00 0 
7fd0b8021000-7fd0bc000000 ---p 00000000 00:00 0 
7fd0bc000000-7fd0bc021000 rw-p 00000000 00:00 0 
7fd0bc021000-7fd0c0000000 ---p 00000000 00:00 0 
7fd0c0000000-7fd0c0021000 rw-p 00000000 00:00 0 
7fd0c0021000-7fd0c4000000 ---p 00000000 00:00 0 
7fd0c4437000-7fd0c443a000 ---p 00000000 00:00 0 
7fd0c443a000-7fd0c4538000 rw-p 00000000 00:00 0 
7fd0c4538000-7fd0c453b000 ---p 00000000 00:00 0 
7fd0c453b000-7fd0c4639000 rw-p 00000000 00:00 0 
7fd0c4639000-7fd0c463c000 ---p 00000000 00:00 0 
7fd0c463c000-7fd0c473a000 rw-p 00000000 00:00 0 
7fd0c473a000-7fd0c473d000 ---p 00000000 00:00 0 
7fd0c473d000-7fd0c483b000 rw-p 00000000 00:00 0 
7fd0c483b000-7fd0c483e000 ---p 00000000 00:00 0 
7fd0c483e000-7fd0c496d000 rw-p 00000000 00:00 0 
7fd0c496d000-7fd0c49aa000 r-xp 00000000 08:03 1315121                    /lib/x86_64-linux-gnu/libpcre.so.3.13.1
7fd0c49aa000-7fd0c4ba9000 ---p 0003d000 08:03 1315121                    /lib/x86_64-linux-gnu/libpcre.so.3.13.1
7fd0c4ba9000-7fd0c4baa000 r--p 0003c000 08:03 1315121                    /lib/x86_64-linux-gnu/libpcre.so.3.13.1
7fd0c4baa000-7fd0c4bab000 rw-p 0003d000 08:03 1315121                    /lib/x86_64-linux-gnu/libpcre.so.3.13.1
7fd0c4bab000-7fd0c4bb2000 r-xp 00000000 08:03 3426221                    /usr/lib/x86_64-linux-gnu/libffi.so.6.0.1
7fd0c4bb2000-7fd0c4db1000 ---p 00007000 08:03 3426221                    /usr/lib/x86_64-linux-gnu/libffi.so.6.0.1
7fd0c4db1000-7fd0c4db2000 r--p 00006000 08:03 3426221                    /usr/lib/x86_64-linux-gnu/libffi.so.6.0.1
7fd0c4db2000-7fd0c4db3000 rw-p 00007000 08:03 3426221                    /usr/lib/x86_64-linux-gnu/libffi.so.6.0.1
7fd0c4db3000-7fd0c4dca000 r-xp 00000000 08:03 1315099                    /lib/x86_64-linux-gnu/libresolv-2.19.so
7fd0c4dca000-7fd0c4fca000 ---p 00017000 08:03 1315099                    /lib/x86_64-linux-gnu/libresolv-2.19.so
7fd0c4fca000-7fd0c4fcb000 r--p 00017000 08:03 1315099                    /lib/x86_64-linux-gnu/libresolv-2.19.so
7fd0c4fcb000-7fd0c4fcc000 rw-p 00018000 08:03 1315099                    /lib/x86_64-linux-gnu/libresolv-2.19.so
7fd0c4fcc000-7fd0c4fce000 rw-p 00000000 00:00 0 
7fd0c4fce000-7fd0c4fee000 r-xp 00000000 08:03 1315267                    /lib/x86_64-linux-gnu/libselinux.so.1
7fd0c4fee000-7fd0c51ed000 ---p 00020000 08:03 1315267                    /lib/x86_64-linux-gnu/libselinux.so.1
7fd0c51ed000-7fd0c51ee000 r--p 0001f000 08:03 1315267                    /lib/x86_64-linux-gnu/libselinux.so.1
7fd0c51ee000-7fd0c51ef000 rw-p 00020000 08:03 1315267                    /lib/x86_64-linux-gnu/libselinux.so.1
7fd0c51ef000-7fd0c51f1000 rw-p 00000000 00:00 0 
7fd0c51f1000-7fd0c51f4000 r-xp 00000000 08:03 3416990                    /usr/lib/x86_64-linux-gnu/libgmodule-2.0.so.0.4002.0
7fd0c51f4000-7fd0c53f3000 ---p 00003000 08:03 3416990                    /usr/lib/x86_64-linux-gnu/libgmodule-2.0.so.0.4002.0
7fd0c53f3000-7fd0c53f4000 r--p 00002000 08:03 3416990                    /usr/lib/x86_64-linux-gnu/libgmodule-2.0.so.0.4002.0
7fd0c53f4000-7fd0c53f5000 rw-p 00003000 08:03 3416990                    /usr/lib/x86_64-linux-gnu/libgmodule-2.0.so.0.4002.0
7fd0c53f5000-7fd0c54fb000 r-xp 00000000 08:03 1315168                    /lib/x86_64-linux-gnu/libglib-2.0.so.0.4002.0
7fd0c54fb000-7fd0c56fa000 ---p 00106000 08:03 1315168                    /lib/x86_64-linux-gnu/libglib-2.0.so.0.4002.0
7fd0c56fa000-7fd0c56fb000 r--p 00105000 08:03 1315168                    /lib/x86_64-linux-gnu/libglib-2.0.so.0.4002.0
7fd0c56fb000-7fd0c56fc000 rw-p 00106000 08:03 1315168                    /lib/x86_64-linux-gnu/libglib-2.0.so.0.4002.0
7fd0c56fc000-7fd0c56fd000 rw-p 00000000 00:00 0 
7fd0c56fd000-7fd0c574c000 r-xp 00000000 08:03 3417006                    /usr/lib/x86_64-linux-gnu/libgobject-2.0.so.0.4002.0
7fd0c574c000-7fd0c594c000 ---p 0004f000 08:03 3417006                    /usr/lib/x86_64-linux-gnu/libgobject-2.0.so.0.4002.0
7fd0c594c000-7fd0c594d000 r--p 0004f000 08:03 3417006                    /usr/lib/x86_64-linux-gnu/libgobject-2.0.so.0.4002.0
7fd0c594d000-7fd0c594e000 rw-p 00050000 08:03 3417006                    /usr/lib/x86_64-linux-gnu/libgobject-2.0.so.0.4002.0
7fd0c594e000-7fd0c5aba000 r-xp 00000000 08:03 3416978                    /usr/lib/x86_64-linux-gnu/libgio-2.0.so.0.4002.0
7fd0c5aba000-7fd0c5cb9000 ---p 0016c000 08:03 3416978                    /usr/lib/x86_64-linux-gnu/libgio-2.0.so.0.4002.0
7fd0c5cb9000-7fd0c5cbd000 r--p 0016b000 08:03 3416978                    /usr/lib/x86_64-linux-gnu/libgio-2.0.so.0.4002.0
7fd0c5cbd000-7fd0c5cbf000 rw-p 0016f000 08:03 3416978                    /usr/lib/x86_64-linux-gnu/libgio-2.0.so.0.4002.0
7fd0c5cbf000-7fd0c5cc1000 rw-p 00000000 00:00 0 
7fd0c5cc1000-7fd0c5cd8000 r-xp 00000000 08:03 3418217                    /usr/lib/jvm/java-7-openjdk-amd64/jre/lib/amd64/libnet.so
7fd0c5cd8000-7fd0c5ed7000 ---p 00017000 08:03 3418217                    /usr/lib/jvm/java-7-openjdk-amd64/jre/lib/amd64/libnet.so
7fd0c5ed7000-7fd0c5ed8000 r--p 00016000 08:03 3418217                    /usr/lib/jvm/java-7-openjdk-amd64/jre/lib/amd64/libnet.so
7fd0c5ed8000-7fd0c5ed9000 rw-p 00017000 08:03 3418217                    /usr/lib/jvm/java-7-openjdk-amd64/jre/lib/amd64/libnet.so
7fd0c5ed9000-7fd0c5ee9000 r-xp 00000000 08:03 3418239                    /usr/lib/jvm/java-7-openjdk-amd64/jre/lib/amd64/libnio.so
7fd0c5ee9000-7fd0c60e9000 ---p 00010000 08:03 3418239                    /usr/lib/jvm/java-7-openjdk-amd64/jre/lib/amd64/libnio.so
7fd0c60e9000-7fd0c60ea000 r--p 00010000 08:03 3418239                    /usr/lib/jvm/java-7-openjdk-amd64/jre/lib/amd64/libnio.so
7fd0c60ea000-7fd0c60eb000 rw-p 00011000 08:03 3418239                    /usr/lib/jvm/java-7-openjdk-amd64/jre/lib/amd64/libnio.so
7fd0c60eb000-7fd0c60ec000 ---p 00000000 00:00 0 
7fd0c60ec000-7fd0c61ec000 rw-p 00000000 00:00 0 
7fd0c61ec000-7fd0c61ef000 ---p 00000000 00:00 0 
7fd0c61ef000-7fd0c62ed000 rw-p 00000000 00:00 0 
7fd0c62ed000-7fd0c62f0000 ---p 00000000 00:00 0 
7fd0c62f0000-7fd0c63ee000 rw-p 00000000 00:00 0 
7fd0c63ee000-7fd0c6ad0000 r--p 00000000 08:03 3415489                    /usr/lib/locale/locale-archive
7fd0c6ad0000-7fd0c9000000 rw-p 00000000 00:00 0 
7fd0c9000000-7fd0c9270000 rwxp 00000000 00:00 0 
7fd0c9270000-7fd0cc1d9000 rw-p 00000000 00:00 0 
7fd0cc1d9000-7fd0d0000000 ---p 00000000 00:00 0 
7fd0d0044000-7fd0d005c000 r--s 000f5000 08:03 1067076                    /home/codeyasam/StudioProjects/Mappr/app/build/intermediates/exploded-aar/com.google.android.gms/play-services-ads/8.4.0/jars/classes.jar
7fd0d005c000-7fd0d006b000 r--s 000df000 08:03 1052189                    /opt/android-sdk-linux_configured/build-tools/23.0.2/lib/dx.jar
7fd0d006b000-7fd0d006e000 ---p 00000000 00:00 0 
7fd0d006e000-7fd0d016c000 rw-p 00000000 00:00 0 
7fd0d016c000-7fd0d016f000 ---p 00000000 00:00 0 
7fd0d016f000-7fd0d026d000 rw-p 00000000 00:00 0 
7fd0d026d000-7fd0d0270000 ---p 00000000 00:00 0 
7fd0d0270000-7fd0d036e000 rw-p 00000000 00:00 0 
7fd0d036e000-7fd0d0371000 ---p 00000000 00:00 0 
7fd0d0371000-7fd0d046f000 rw-p 00000000 00:00 0 
7fd0d046f000-7fd0d0470000 ---p 00000000 00:00 0 
7fd0d0470000-7fd0d156d000 rw-p 00000000 00:00 0 
7fd0d156d000-7fd0d171f000 r--s 01d32000 08:03 3418253                    /usr/lib/jvm/java-7-openjdk-amd64/jre/lib/rt.jar
7fd0d171f000-7fd0d1a6b000 rw-p 00000000 00:00 0 
7fd0d1a6b000-7fd0d1a6c000 ---p 00000000 00:00 0 
7fd0d1a6c000-7fd0d1b6c000 rw-p 00000000 00:00 0 
7fd0d1b6c000-7fd0d1b6d000 ---p 00000000 00:00 0 
7fd0d1b6d000-7fd0d1c6d000 rw-p 00000000 00:00 0 
7fd0d1c6d000-7fd0d1c6e000 ---p 00000000 00:00 0 
7fd0d1c6e000-7fd0d1d6e000 rw-p 00000000 00:00 0 
7fd0d1d6e000-7fd0d1d6f000 ---p 00000000 00:00 0 
7fd0d1d6f000-7fd0d1e7a000 rw-p 00000000 00:00 0 
7fd0d1e7a000-7fd0d1ec2000 rw-p 00000000 00:00 0 
7fd0d1ec2000-7fd0d1ef2000 rw-p 00000000 00:00 0 
7fd0d1ef2000-7fd0d2018000 rw-p 00000000 00:00 0 
7fd0d2018000-7fd0d2023000 rw-p 00000000 00:00 0 
7fd0d2023000-7fd0d206b000 rw-p 00000000 00:00 0 
7fd0d206b000-7fd0d209b000 rw-p 00000000 00:00 0 
7fd0d209b000-7fd0d21c0000 rw-p 00000000 00:00 0 
7fd0d21c0000-7fd0d2213000 rw-p 00000000 00:00 0 
7fd0d2213000-7fd0d226b000 rw-p 00000000 00:00 0 
7fd0d226b000-7fd0d226c000 rw-p 00000000 00:00 0 
7fd0d226c000-7fd0d2274000 r-xp 00000000 08:03 3418222                    /usr/lib/jvm/java-7-openjdk-amd64/jre/lib/amd64/libzip.so
7fd0d2274000-7fd0d2473000 ---p 00008000 08:03 3418222                    /usr/lib/jvm/java-7-openjdk-amd64/jre/lib/amd64/libzip.so
7fd0d2473000-7fd0d2474000 r--p 00007000 08:03 3418222                    /usr/lib/jvm/java-7-openjdk-amd64/jre/lib/amd64/libzip.so
7fd0d2474000-7fd0d2475000 rw-p 00008000 08:03 3418222                    /usr/lib/jvm/java-7-openjdk-amd64/jre/lib/amd64/libzip.so
7fd0d2475000-7fd0d2480000 r-xp 00000000 08:03 1321062                    /lib/x86_64-linux-gnu/libnss_files-2.19.so
7fd0d2480000-7fd0d267f000 ---p 0000b000 08:03 1321062                    /lib/x86_64-linux-gnu/libnss_files-2.19.so
7fd0d267f000-7fd0d2680000 r--p 0000a000 08:03 1321062                    /lib/x86_64-linux-gnu/libnss_files-2.19.so
7fd0d2680000-7fd0d2681000 rw-p 0000b000 08:03 1321062                    /lib/x86_64-linux-gnu/libnss_files-2.19.so
7fd0d2681000-7fd0d268c000 r-xp 00000000 08:03 1321054                    /lib/x86_64-linux-gnu/libnss_nis-2.19.so
7fd0d268c000-7fd0d288b000 ---p 0000b000 08:03 1321054                    /lib/x86_64-linux-gnu/libnss_nis-2.19.so
7fd0d288b000-7fd0d288c000 r--p 0000a000 08:03 1321054                    /lib/x86_64-linux-gnu/libnss_nis-2.19.so
7fd0d288c000-7fd0d288d000 rw-p 0000b000 08:03 1321054                    /lib/x86_64-linux-gnu/libnss_nis-2.19.so
7fd0d288d000-7fd0d28a4000 r-xp 00000000 08:03 1318289                    /lib/x86_64-linux-gnu/libnsl-2.19.so
7fd0d28a4000-7fd0d2aa3000 ---p 00017000 08:03 1318289                    /lib/x86_64-linux-gnu/libnsl-2.19.so
7fd0d2aa3000-7fd0d2aa4000 r--p 00016000 08:03 1318289                    /lib/x86_64-linux-gnu/libnsl-2.19.so
7fd0d2aa4000-7fd0d2aa5000 rw-p 00017000 08:03 1318289                    /lib/x86_64-linux-gnu/libnsl-2.19.so
7fd0d2aa5000-7fd0d2aa7000 rw-p 00000000 00:00 0 
7fd0d2aa7000-7fd0d2ab0000 r-xp 00000000 08:03 1318288                    /lib/x86_64-linux-gnu/libnss_compat-2.19.so
7fd0d2ab0000-7fd0d2caf000 ---p 00009000 08:03 1318288                    /lib/x86_64-linux-gnu/libnss_compat-2.19.so
7fd0d2caf000-7fd0d2cb0000 r--p 00008000 08:03 1318288                    /lib/x86_64-linux-gnu/libnss_compat-2.19.so
7fd0d2cb0000-7fd0d2cb1000 rw-p 00009000 08:03 1318288                    /lib/x86_64-linux-gnu/libnss_compat-2.19.so
7fd0d2cb1000-7fd0d2cdc000 r-xp 00000000 08:03 3418208                    /usr/lib/jvm/java-7-openjdk-amd64/jre/lib/amd64/libjava.so
7fd0d2cdc000-7fd0d2edc000 ---p 0002b000 08:03 3418208                    /usr/lib/jvm/java-7-openjdk-amd64/jre/lib/amd64/libjava.so
7fd0d2edc000-7fd0d2edd000 r--p 0002b000 08:03 3418208                    /usr/lib/jvm/java-7-openjdk-amd64/jre/lib/amd64/libjava.so
7fd0d2edd000-7fd0d2edf000 rw-p 0002c000 08:03 3418208                    /usr/lib/jvm/java-7-openjdk-amd64/jre/lib/amd64/libjava.so
7fd0d2edf000-7fd0d2eef000 r-xp 00000000 08:03 3418209                    /usr/lib/jvm/java-7-openjdk-amd64/jre/lib/amd64/libverify.so
7fd0d2eef000-7fd0d30ee000 ---p 00010000 08:03 3418209                    /usr/lib/jvm/java-7-openjdk-amd64/jre/lib/amd64/libverify.so
7fd0d30ee000-7fd0d30f0000 r--p 0000f000 08:03 3418209                    /usr/lib/jvm/java-7-openjdk-amd64/jre/lib/amd64/libverify.so
7fd0d30f0000-7fd0d30f1000 rw-p 00011000 08:03 3418209                    /usr/lib/jvm/java-7-openjdk-amd64/jre/lib/amd64/libverify.so
7fd0d30f1000-7fd0d30f8000 r-xp 00000000 08:03 1321058                    /lib/x86_64-linux-gnu/librt-2.19.so
7fd0d30f8000-7fd0d32f7000 ---p 00007000 08:03 1321058                    /lib/x86_64-linux-gnu/librt-2.19.so
7fd0d32f7000-7fd0d32f8000 r--p 00006000 08:03 1321058                    /lib/x86_64-linux-gnu/librt-2.19.so
7fd0d32f8000-7fd0d32f9000 rw-p 00007000 08:03 1321058                    /lib/x86_64-linux-gnu/librt-2.19.so
7fd0d32f9000-7fd0d330f000 r-xp 00000000 08:03 1315114                    /lib/x86_64-linux-gnu/libgcc_s.so.1
7fd0d330f000-7fd0d350e000 ---p 00016000 08:03 1315114                    /lib/x86_64-linux-gnu/libgcc_s.so.1
7fd0d350e000-7fd0d350f000 rw-p 00015000 08:03 1315114                    /lib/x86_64-linux-gnu/libgcc_s.so.1
7fd0d350f000-7fd0d3614000 r-xp 00000000 08:03 1318283                    /lib/x86_64-linux-gnu/libm-2.19.so
7fd0d3614000-7fd0d3813000 ---p 00105000 08:03 1318283                    /lib/x86_64-linux-gnu/libm-2.19.so
7fd0d3813000-7fd0d3814000 r--p 00104000 08:03 1318283                    /lib/x86_64-linux-gnu/libm-2.19.so
7fd0d3814000-7fd0d3815000 rw-p 00105000 08:03 1318283                    /lib/x86_64-linux-gnu/libm-2.19.so
7fd0d3815000-7fd0d38fb000 r-xp 00000000 08:03 3408223                    /usr/lib/x86_64-linux-gnu/libstdc++.so.6.0.19
7fd0d38fb000-7fd0d3afa000 ---p 000e6000 08:03 3408223                    /usr/lib/x86_64-linux-gnu/libstdc++.so.6.0.19
7fd0d3afa000-7fd0d3b02000 r--p 000e5000 08:03 3408223                    /usr/lib/x86_64-linux-gnu/libstdc++.so.6.0.19
7fd0d3b02000-7fd0d3b04000 rw-p 000ed000 08:03 3408223                    /usr/lib/x86_64-linux-gnu/libstdc++.so.6.0.19
7fd0d3b04000-7fd0d3b19000 rw-p 00000000 00:00 0 
7fd0d3b19000-7fd0d463e000 r-xp 00000000 08:03 3418220                    /usr/lib/jvm/java-7-openjdk-amd64/jre/lib/amd64/server/libjvm.so
7fd0d463e000-7fd0d483e000 ---p 00b25000 08:03 3418220                    /usr/lib/jvm/java-7-openjdk-amd64/jre/lib/amd64/server/libjvm.so
7fd0d483e000-7fd0d48d8000 r--p 00b25000 08:03 3418220                    /usr/lib/jvm/java-7-openjdk-amd64/jre/lib/amd64/server/libjvm.so
7fd0d48d8000-7fd0d48fb000 rw-p 00bbf000 08:03 3418220                    /usr/lib/jvm/java-7-openjdk-amd64/jre/lib/amd64/server/libjvm.so
7fd0d48fb000-7fd0d492a000 rw-p 00000000 00:00 0 
7fd0d492a000-7fd0d4942000 r-xp 00000000 08:03 1315300                    /lib/x86_64-linux-gnu/libz.so.1.2.8
7fd0d4942000-7fd0d4b41000 ---p 00018000 08:03 1315300                    /lib/x86_64-linux-gnu/libz.so.1.2.8
7fd0d4b41000-7fd0d4b42000 r--p 00017000 08:03 1315300                    /lib/x86_64-linux-gnu/libz.so.1.2.8
7fd0d4b42000-7fd0d4b43000 rw-p 00018000 08:03 1315300                    /lib/x86_64-linux-gnu/libz.so.1.2.8
7fd0d4b43000-7fd0d4b5c000 r-xp 00000000 08:03 1318290                    /lib/x86_64-linux-gnu/libpthread-2.19.so
7fd0d4b5c000-7fd0d4d5b000 ---p 00019000 08:03 1318290                    /lib/x86_64-linux-gnu/libpthread-2.19.so
7fd0d4d5b000-7fd0d4d5c000 r--p 00018000 08:03 1318290                    /lib/x86_64-linux-gnu/libpthread-2.19.so
7fd0d4d5c000-7fd0d4d5d000 rw-p 00019000 08:03 1318290                    /lib/x86_64-linux-gnu/libpthread-2.19.so
7fd0d4d5d000-7fd0d4d61000 rw-p 00000000 00:00 0 
7fd0d4d61000-7fd0d4d64000 r-xp 00000000 08:03 1318285                    /lib/x86_64-linux-gnu/libdl-2.19.so
7fd0d4d64000-7fd0d4f63000 ---p 00003000 08:03 1318285                    /lib/x86_64-linux-gnu/libdl-2.19.so
7fd0d4f63000-7fd0d4f64000 r--p 00002000 08:03 1318285                    /lib/x86_64-linux-gnu/libdl-2.19.so
7fd0d4f64000-7fd0d4f65000 rw-p 00003000 08:03 1318285                    /lib/x86_64-linux-gnu/libdl-2.19.so
7fd0d4f65000-7fd0d5120000 r-xp 00000000 08:03 1321059                    /lib/x86_64-linux-gnu/libc-2.19.so
7fd0d5120000-7fd0d531f000 ---p 001bb000 08:03 1321059                    /lib/x86_64-linux-gnu/libc-2.19.so
7fd0d531f000-7fd0d5323000 r--p 001ba000 08:03 1321059                    /lib/x86_64-linux-gnu/libc-2.19.so
7fd0d5323000-7fd0d5325000 rw-p 001be000 08:03 1321059                    /lib/x86_64-linux-gnu/libc-2.19.so
7fd0d5325000-7fd0d532a000 rw-p 00000000 00:00 0 
7fd0d532a000-7fd0d5337000 r-xp 00000000 08:03 3418236                    /usr/lib/jvm/java-7-openjdk-amd64/jre/lib/amd64/jli/libjli.so
7fd0d5337000-7fd0d5536000 ---p 0000d000 08:03 3418236                    /usr/lib/jvm/java-7-openjdk-amd64/jre/lib/amd64/jli/libjli.so
7fd0d5536000-7fd0d5537000 r--p 0000c000 08:03 3418236                    /usr/lib/jvm/java-7-openjdk-amd64/jre/lib/amd64/jli/libjli.so
7fd0d5537000-7fd0d5538000 rw-p 0000d000 08:03 3418236                    /usr/lib/jvm/java-7-openjdk-amd64/jre/lib/amd64/jli/libjli.so
7fd0d5538000-7fd0d555b000 r-xp 00000000 08:03 1318291                    /lib/x86_64-linux-gnu/ld-2.19.so
7fd0d555b000-7fd0d557e000 rw-p 00000000 00:00 0 
7fd0d557e000-7fd0d5634000 rw-p 00000000 00:00 0 
7fd0d5634000-7fd0d5637000 ---p 00000000 00:00 0 
7fd0d5637000-7fd0d573a000 rw-p 00000000 00:00 0 
7fd0d573a000-7fd0d573e000 r--s 0003c000 08:03 3418269                    /usr/lib/jvm/java-7-openjdk-amd64/jre/lib/ext/sunpkcs11.jar
7fd0d573e000-7fd0d5740000 r--s 00006000 08:03 3819988                    /usr/share/java/java-atk-wrapper.jar
7fd0d5740000-7fd0d5741000 r--s 00002000 08:03 3418264                    /usr/lib/jvm/java-7-openjdk-amd64/jre/lib/ext/dnsns.jar
7fd0d5741000-7fd0d5745000 r--s 00085000 08:03 3418268                    /usr/lib/jvm/java-7-openjdk-amd64/jre/lib/ext/localedata.jar
7fd0d5745000-7fd0d5748000 r--s 0000f000 08:03 3418267                    /usr/lib/jvm/java-7-openjdk-amd64/jre/lib/ext/icedtea-sound.jar
7fd0d5748000-7fd0d574c000 r--s 00034000 08:03 3418266                    /usr/lib/jvm/java-7-openjdk-amd64/jre/lib/ext/sunjce_provider.jar
7fd0d574c000-7fd0d574e000 r--s 00012000 08:03 3418265                    /usr/lib/jvm/java-7-openjdk-amd64/jre/lib/ext/zipfs.jar
7fd0d574e000-7fd0d5756000 rw-s 00000000 08:03 2112730                    /tmp/hsperfdata_codeyasam/11901
7fd0d5756000-7fd0d5757000 rw-p 00000000 00:00 0 
7fd0d5757000-7fd0d5758000 ---p 00000000 00:00 0 
7fd0d5758000-7fd0d575a000 rw-p 00000000 00:00 0 
7fd0d575a000-7fd0d575b000 r--p 00022000 08:03 1318291                    /lib/x86_64-linux-gnu/ld-2.19.so
7fd0d575b000-7fd0d575c000 rw-p 00023000 08:03 1318291                    /lib/x86_64-linux-gnu/ld-2.19.so
7fd0d575c000-7fd0d575d000 rw-p 00000000 00:00 0 
7ffda6c23000-7ffda6c44000 rw-p 00000000 00:00 0                          [stack]
7ffda6dba000-7ffda6dbc000 r--p 00000000 00:00 0                          [vvar]
7ffda6dbc000-7ffda6dbe000 r-xp 00000000 00:00 0                          [vdso]
ffffffffff600000-ffffffffff601000 r-xp 00000000 00:00 0                  [vsyscall]

VM Arguments:
jvm_args: -Djava.awt.headless=true -Xmx1024M -Dfile.encoding=UTF-8 -Duser.country=PH -Duser.language=en -Duser.variant 
java_command: com.android.dx.command.Main --dex --num-threads=4 --output /home/codeyasam/StudioProjects/Mappr/app/build/intermediates/pre-dexed/debug/com.google.android.gms-play-services-ads-8.4.0_a0c4e0e93a762e4f3610d4b24763fda20254ce30.jar /home/codeyasam/StudioProjects/Mappr/app/build/intermediates/exploded-aar/com.google.android.gms/play-services-ads/8.4.0/jars/classes.jar
Launcher Type: SUN_STANDARD

Environment Variables:
JAVA_HOME=/usr/lib/jvm/java-7-openjdk-amd64
PATH=/usr/local/sbin:/usr/local/bin:/usr/sbin:/usr/bin:/sbin:/bin:/usr/games:/usr/local/games
SHELL=/bin/bash
DISPLAY=:0

Signal Handlers:
SIGSEGV: [libjvm.so+0x9561e0], sa_mask[0]=0x7ffbfeff, sa_flags=0x10000004
SIGBUS: [libjvm.so+0x9561e0], sa_mask[0]=0x7ffbfeff, sa_flags=0x10000004
SIGFPE: [libjvm.so+0x7cc4d0], sa_mask[0]=0x7ffbfeff, sa_flags=0x10000004
SIGPIPE: [libjvm.so+0x7cc4d0], sa_mask[0]=0x7ffbfeff, sa_flags=0x10000004
SIGXFSZ: [libjvm.so+0x7cc4d0], sa_mask[0]=0x7ffbfeff, sa_flags=0x10000004
SIGILL: [libjvm.so+0x7cc4d0], sa_mask[0]=0x7ffbfeff, sa_flags=0x10000004
SIGUSR1: SIG_DFL, sa_mask[0]=0x00000000, sa_flags=0x00000000
SIGUSR2: [libjvm.so+0x7cc370], sa_mask[0]=0x00000004, sa_flags=0x10000004
SIGHUP: [libjvm.so+0x7cc550], sa_mask[0]=0x7ffbfeff, sa_flags=0x10000004
SIGINT: [libjvm.so+0x7cc550], sa_mask[0]=0x7ffbfeff, sa_flags=0x10000004
SIGTERM: [libjvm.so+0x7cc550], sa_mask[0]=0x7ffbfeff, sa_flags=0x10000004
SIGQUIT: [libjvm.so+0x7cc550], sa_mask[0]=0x7ffbfeff, sa_flags=0x10000004
SIGTRAP: SIG_DFL, sa_mask[0]=0x00000000, sa_flags=0x00000000


---------------  S Y S T E M  ---------------

OS:Ubuntu 14.04 (trusty)
uname:Linux 3.19.0-59-generic #65~14.04.1-Ubuntu SMP Tue Apr 19 18:57:09 UTC 2016 x86_64
libc:glibc 2.19 NPTL 2.19 
rlimit: STACK 8192k, CORE 0k, NPROC 15691, NOFILE 4096, AS infinity
load average:17.67 6.37 2.58

/proc/meminfo:
MemTotal:        4038356 kB
MemFree:          116304 kB
MemAvailable:      65092 kB
Buffers:            1632 kB
Cached:            79940 kB
SwapCached:        12720 kB
Active:          2860884 kB
Inactive:         898344 kB
Active(anon):    2853180 kB
Inactive(anon):   878604 kB
Active(file):       7704 kB
Inactive(file):    19740 kB
Unevictable:          64 kB
Mlocked:              64 kB
SwapTotal:        488276 kB
SwapFree:            356 kB
Dirty:               500 kB
Writeback:             0 kB
AnonPages:       3665164 kB
Mapped:            69904 kB
Shmem:             53992 kB
Slab:              71760 kB
SReclaimable:      39064 kB
SUnreclaim:        32696 kB
KernelStack:       10800 kB
PageTables:        42568 kB
NFS_Unstable:          0 kB
Bounce:                0 kB
WritebackTmp:          0 kB
CommitLimit:     2507452 kB
Committed_AS:    8175468 kB
VmallocTotal:   34359738367 kB
VmallocUsed:      109196 kB
VmallocChunk:   34359558028 kB
HardwareCorrupted:     0 kB
AnonHugePages:   1931264 kB
CmaTotal:              0 kB
CmaFree:               0 kB
HugePages_Total:       0
HugePages_Free:        0
HugePages_Rsvd:        0
HugePages_Surp:        0
Hugepagesize:       2048 kB
DirectMap4k:      134976 kB
DirectMap2M:     4050944 kB


CPU:total 4 (4 cores per cpu, 1 threads per core) family 6 model 30 stepping 5, cmov, cx8, fxsr, mmx, sse, sse2, sse3, ssse3, sse4.1, sse4.2, popcnt, tsc, tscinvbit

/proc/cpuinfo:
processor	: 0
vendor_id	: GenuineIntel
cpu family	: 6
model		: 30
model name	: Intel(R) Core(TM) i5 CPU         750  @ 2.67GHz
stepping	: 5
microcode	: 0x4
cpu MHz		: 2661.000
cache size	: 8192 KB
physical id	: 0
siblings	: 4
core id		: 0
cpu cores	: 4
apicid		: 0
initial apicid	: 0
fpu		: yes
fpu_exception	: yes
cpuid level	: 11
wp		: yes
flags		: fpu vme de pse tsc msr pae mce cx8 apic sep mtrr pge mca cmov pat pse36 clflush dts acpi mmx fxsr sse sse2 ss ht tm pbe syscall nx rdtscp lm constant_tsc arch_perfmon pebs bts rep_good nopl xtopology nonstop_tsc aperfmperf pni dtes64 monitor ds_cpl vmx smx est tm2 ssse3 cx16 xtpr pdcm sse4_1 sse4_2 popcnt lahf_lm ida dtherm tpr_shadow vnmi flexpriority ept vpid
bugs		:
bogomips	: 5329.49
clflush size	: 64
cache_alignment	: 64
address sizes	: 36 bits physical, 48 bits virtual
power management:

processor	: 1
vendor_id	: GenuineIntel
cpu family	: 6
model		: 30
model name	: Intel(R) Core(TM) i5 CPU         750  @ 2.67GHz
stepping	: 5
microcode	: 0x4
cpu MHz		: 2661.000
cache size	: 8192 KB
physical id	: 0
siblings	: 4
core id		: 1
cpu cores	: 4
apicid		: 2
initial apicid	: 2
fpu		: yes
fpu_exception	: yes
cpuid level	: 11
wp		: yes
flags		: fpu vme de pse tsc msr pae mce cx8 apic sep mtrr pge mca cmov pat pse36 clflush dts acpi mmx fxsr sse sse2 ss ht tm pbe syscall nx rdtscp lm constant_tsc arch_perfmon pebs bts rep_good nopl xtopology nonstop_tsc aperfmperf pni dtes64 monitor ds_cpl vmx smx est tm2 ssse3 cx16 xtpr pdcm sse4_1 sse4_2 popcnt lahf_lm ida dtherm tpr_shadow vnmi flexpriority ept vpid
bugs		:
bogomips	: 5329.49
clflush size	: 64
cache_alignment	: 64
address sizes	: 36 bits physical, 48 bits virtual
power management:

processor	: 2
vendor_id	: GenuineIntel
cpu family	: 6
model		: 30
model name	: Intel(R) Core(TM) i5 CPU         750  @ 2.67GHz
stepping	: 5
microcode	: 0x4
cpu MHz		: 2661.000
cache size	: 8192 KB
physical id	: 0
siblings	: 4
core id		: 2
cpu cores	: 4
apicid		: 4
initial apicid	: 4
fpu		: yes
fpu_exception	: yes
cpuid level	: 11
wp		: yes
flags		: fpu vme de pse tsc msr pae mce cx8 apic sep mtrr pge mca cmov pat pse36 clflush dts acpi mmx fxsr sse sse2 ss ht tm pbe syscall nx rdtscp lm constant_tsc arch_perfmon pebs bts rep_good nopl xtopology nonstop_tsc aperfmperf pni dtes64 monitor ds_cpl vmx smx est tm2 ssse3 cx16 xtpr pdcm sse4_1 sse4_2 popcnt lahf_lm ida dtherm tpr_shadow vnmi flexpriority ept vpid
bugs		:
bogomips	: 5329.49
clflush size	: 64
cache_alignment	: 64
address sizes	: 36 bits physical, 48 bits virtual
power management:

processor	: 3
vendor_id	: GenuineIntel
cpu family	: 6
model		: 30
model name	: Intel(R) Core(TM) i5 CPU         750  @ 2.67GHz
stepping	: 5
microcode	: 0x4
cpu MHz		: 2661.000
cache size	: 8192 KB
physical id	: 0
siblings	: 4
core id		: 3
cpu cores	: 4
apicid		: 6
initial apicid	: 6
fpu		: yes
fpu_exception	: yes
cpuid level	: 11
wp		: yes
flags		: fpu vme de pse tsc msr pae mce cx8 apic sep mtrr pge mca cmov pat pse36 clflush dts acpi mmx fxsr sse sse2 ss ht tm pbe syscall nx rdtscp lm constant_tsc arch_perfmon pebs bts rep_good nopl xtopology nonstop_tsc aperfmperf pni dtes64 monitor ds_cpl vmx smx est tm2 ssse3 cx16 xtpr pdcm sse4_1 sse4_2 popcnt lahf_lm ida dtherm tpr_shadow vnmi flexpriority ept vpid
bugs		:
bogomips	: 5329.49
clflush size	: 64
cache_alignment	: 64
address sizes	: 36 bits physical, 48 bits virtual
power management:



Memory: 4k page, physical 4038356k(116180k free), swap 488276k(356k free)

vm_info: OpenJDK 64-Bit Server VM (24.95-b01) for linux-amd64 JRE (1.7.0_101-b00), built on Apr 24 2016 20:39:29 by "buildd" with gcc 4.8.2

time: Sat Jun 25 01:34:39 2016
elapsed time: 36 seconds

